[0m10:34:12.513681 [debug] [MainThread]: Sending event: {'category': 'dbt', 'action': 'invocation', 'label': 'start', 'context': [<snowplow_tracker.self_describing_json.SelfDescribingJson object at 0x00000142B0112E70>, <snowplow_tracker.self_describing_json.SelfDescribingJson object at 0x00000142B0CD6360>, <snowplow_tracker.self_describing_json.SelfDescribingJson object at 0x00000142B057D8E0>]}


============================== 10:34:12.513681 | 1bcae300-3a35-4dd9-a8cd-7b4e7d513540 ==============================
[0m10:34:12.513681 [info ] [MainThread]: Running with dbt=1.10.4
[0m10:34:12.513681 [debug] [MainThread]: running dbt with arguments {'printer_width': '80', 'indirect_selection': 'eager', 'write_json': 'True', 'log_cache_events': 'False', 'partial_parse': 'True', 'cache_selected_only': 'False', 'profiles_dir': 'C:\\Users\\fre\\.dbt', 'fail_fast': 'False', 'debug': 'False', 'log_path': 'logs', 'warn_error': 'None', 'version_check': 'True', 'use_colors': 'True', 'use_experimental_parser': 'False', 'empty': 'None', 'quiet': 'False', 'no_print': 'None', 'warn_error_options': 'WarnErrorOptionsV2(error=[], warn=[], silence=[])', 'static_parser': 'True', 'invocation_command': 'dbt init medical_analytics', 'introspect': 'True', 'target_path': 'None', 'log_format': 'default', 'send_anonymous_usage_stats': 'True'}
[0m10:34:12.548666 [debug] [MainThread]: Starter project path: D:\AI-projects\Telegram-MedicalData-To-AnalyticalAPI\.venv\Lib\site-packages\dbt\include\starter_project
[0m10:34:12.557964 [info ] [MainThread]: 
Your new dbt project "medical_analytics" was created!

For more information on how to configure the profiles.yml file,
please consult the dbt documentation here:

  https://docs.getdbt.com/docs/configure-your-profile

One more thing:

Need help? Don't hesitate to reach out to us via GitHub issues or on Slack:

  https://community.getdbt.com/

Happy modeling!

[0m10:34:12.557964 [info ] [MainThread]: Setting up your profile.
[0m10:53:43.091284 [debug] [MainThread]: Sending event: {'category': 'dbt', 'action': 'invocation', 'label': 'start', 'context': [<snowplow_tracker.self_describing_json.SelfDescribingJson object at 0x0000021DD4D67A40>, <snowplow_tracker.self_describing_json.SelfDescribingJson object at 0x0000021DD7A71B20>, <snowplow_tracker.self_describing_json.SelfDescribingJson object at 0x0000021DD7A70CB0>]}


============================== 10:53:43.091284 | c7b2d643-33e4-4da5-a600-5ab57887ca81 ==============================
[0m10:53:43.091284 [info ] [MainThread]: Running with dbt=1.10.4
[0m10:53:43.091284 [debug] [MainThread]: running dbt with arguments {'printer_width': '80', 'indirect_selection': 'eager', 'log_cache_events': 'False', 'write_json': 'True', 'partial_parse': 'True', 'cache_selected_only': 'False', 'profiles_dir': 'C:\\Users\\fre\\.dbt', 'fail_fast': 'False', 'warn_error': 'None', 'log_path': 'logs', 'version_check': 'True', 'debug': 'False', 'use_colors': 'True', 'use_experimental_parser': 'False', 'empty': 'None', 'quiet': 'False', 'no_print': 'None', 'log_format': 'default', 'invocation_command': 'dbt debug', 'static_parser': 'True', 'introspect': 'True', 'target_path': 'None', 'warn_error_options': 'WarnErrorOptionsV2(error=[], warn=[], silence=[])', 'send_anonymous_usage_stats': 'True'}
[0m10:53:43.116459 [info ] [MainThread]: dbt version: 1.10.4
[0m10:53:43.116459 [info ] [MainThread]: python version: 3.12.4
[0m10:53:43.116459 [info ] [MainThread]: python path: D:\AI-projects\Telegram-MedicalData-To-AnalyticalAPI\.venv\Scripts\python.exe
[0m10:53:43.116459 [info ] [MainThread]: os info: Windows-10-10.0.19045-SP0
[0m10:53:43.166724 [info ] [MainThread]: Using profiles dir at C:\Users\fre\.dbt
[0m10:53:43.166724 [info ] [MainThread]: Using profiles.yml file at C:\Users\fre\.dbt\profiles.yml
[0m10:53:43.166724 [info ] [MainThread]: Using dbt_project.yml file at D:\AI-projects\Telegram-MedicalData-To-AnalyticalAPI\dbt_project.yml
[0m10:53:43.166724 [info ] [MainThread]: adapter type: postgres
[0m10:53:43.166724 [info ] [MainThread]: adapter version: 1.9.0
[0m10:53:43.166724 [info ] [MainThread]: Configuration:
[0m10:53:43.166724 [info ] [MainThread]:   profiles.yml file [[32mOK found and valid[0m]
[0m10:53:43.166724 [info ] [MainThread]:   dbt_project.yml file [[31mERROR not found[0m]
[0m10:53:43.181073 [info ] [MainThread]: Required dependencies:
[0m10:53:43.181073 [debug] [MainThread]: Executing "git --help"
[0m10:53:43.214255 [debug] [MainThread]: STDOUT: "b"usage: git [-v | --version] [-h | --help] [-C <path>] [-c <name>=<value>]\n           [--exec-path[=<path>]] [--html-path] [--man-path] [--info-path]\n           [-p | --paginate | -P | --no-pager] [--no-replace-objects] [--no-lazy-fetch]\n           [--no-optional-locks] [--no-advice] [--bare] [--git-dir=<path>]\n           [--work-tree=<path>] [--namespace=<name>] [--config-env=<name>=<envvar>]\n           <command> [<args>]\n\nThese are common Git commands used in various situations:\n\nstart a working area (see also: git help tutorial)\n   clone      Clone a repository into a new directory\n   init       Create an empty Git repository or reinitialize an existing one\n\nwork on the current change (see also: git help everyday)\n   add        Add file contents to the index\n   mv         Move or rename a file, a directory, or a symlink\n   restore    Restore working tree files\n   rm         Remove files from the working tree and from the index\n\nexamine the history and state (see also: git help revisions)\n   bisect     Use binary search to find the commit that introduced a bug\n   diff       Show changes between commits, commit and working tree, etc\n   grep       Print lines matching a pattern\n   log        Show commit logs\n   show       Show various types of objects\n   status     Show the working tree status\n\ngrow, mark and tweak your common history\n   backfill   Download missing objects in a partial clone\n   branch     List, create, or delete branches\n   commit     Record changes to the repository\n   merge      Join two or more development histories together\n   rebase     Reapply commits on top of another base tip\n   reset      Reset current HEAD to the specified state\n   switch     Switch branches\n   tag        Create, list, delete or verify a tag object signed with GPG\n\ncollaborate (see also: git help workflows)\n   fetch      Download objects and refs from another repository\n   pull       Fetch from and integrate with another repository or a local branch\n   push       Update remote refs along with associated objects\n\n'git help -a' and 'git help -g' list available subcommands and some\nconcept guides. See 'git help <command>' or 'git help <concept>'\nto read about a specific subcommand or concept.\nSee 'git help git' for an overview of the system.\n""
[0m10:53:43.214255 [debug] [MainThread]: STDERR: "b''"
[0m10:53:43.215373 [info ] [MainThread]:  - git [[32mOK found[0m]

[0m10:53:43.216230 [info ] [MainThread]: Connection:
[0m10:53:43.216230 [info ] [MainThread]:   host: localhost
[0m10:53:43.217186 [info ] [MainThread]:   port: 5432
[0m10:53:43.217186 [info ] [MainThread]:   user: postgres
[0m10:53:43.217186 [info ] [MainThread]:   database: medical_insights
[0m10:53:43.217186 [info ] [MainThread]:   schema: analytics
[0m10:53:43.217186 [info ] [MainThread]:   connect_timeout: 10
[0m10:53:43.217186 [info ] [MainThread]:   role: None
[0m10:53:43.217186 [info ] [MainThread]:   search_path: None
[0m10:53:43.217186 [info ] [MainThread]:   keepalives_idle: 0
[0m10:53:43.217186 [info ] [MainThread]:   sslmode: None
[0m10:53:43.222030 [info ] [MainThread]:   sslcert: None
[0m10:53:43.222531 [info ] [MainThread]:   sslkey: None
[0m10:53:43.222531 [info ] [MainThread]:   sslrootcert: None
[0m10:53:43.222531 [info ] [MainThread]:   application_name: dbt
[0m10:53:43.223559 [info ] [MainThread]:   retries: 1
[0m10:53:43.223559 [info ] [MainThread]: Registered adapter: postgres=1.9.0
[0m10:53:43.516125 [debug] [MainThread]: Acquiring new postgres connection 'debug'
[0m10:53:45.239708 [debug] [MainThread]: Using postgres connection "debug"
[0m10:53:45.243705 [debug] [MainThread]: On debug: select 1 as id
[0m10:53:45.243705 [debug] [MainThread]: Opening a new connection, currently in state init
[0m10:53:45.276079 [debug] [MainThread]: SQL status: SELECT 1 in 0.035 seconds
[0m10:53:45.280082 [debug] [MainThread]: On debug: Close
[0m10:53:45.280082 [info ] [MainThread]:   Connection test: [[32mOK connection ok[0m]

[0m10:53:45.281743 [info ] [MainThread]: [31m1 check failed:[0m
[0m10:53:45.282199 [info ] [MainThread]: Project loading failed for the following reason:
 project path <D:\AI-projects\Telegram-MedicalData-To-AnalyticalAPI\dbt_project.yml> not found

[0m10:53:45.283934 [debug] [MainThread]: Command `dbt debug` failed at 10:53:45.283934 after 2.33 seconds
[0m10:53:45.283934 [debug] [MainThread]: Connection 'debug' was properly closed.
[0m10:53:45.283934 [debug] [MainThread]: Sending event: {'category': 'dbt', 'action': 'invocation', 'label': 'end', 'context': [<snowplow_tracker.self_describing_json.SelfDescribingJson object at 0x0000021DD7F5E090>, <snowplow_tracker.self_describing_json.SelfDescribingJson object at 0x0000021DD599E6C0>, <snowplow_tracker.self_describing_json.SelfDescribingJson object at 0x0000021DD8F957C0>]}
[0m10:53:45.283934 [debug] [MainThread]: Flushing usage events
[0m10:53:46.207267 [debug] [MainThread]: An error was encountered while trying to flush usage events
[0m11:02:39.622911 [debug] [MainThread]: Sending event: {'category': 'dbt', 'action': 'invocation', 'label': 'start', 'context': [<snowplow_tracker.self_describing_json.SelfDescribingJson object at 0x000001CC3533D7F0>, <snowplow_tracker.self_describing_json.SelfDescribingJson object at 0x000001CC339A83B0>, <snowplow_tracker.self_describing_json.SelfDescribingJson object at 0x000001CC35AF02C0>]}


============================== 11:02:39.629211 | 5c4437a1-5606-482b-a771-cda4a9ebcca4 ==============================
[0m11:02:39.629211 [info ] [MainThread]: Running with dbt=1.10.4
[0m11:02:39.629211 [debug] [MainThread]: running dbt with arguments {'printer_width': '80', 'indirect_selection': 'eager', 'log_cache_events': 'False', 'write_json': 'True', 'partial_parse': 'True', 'cache_selected_only': 'False', 'profiles_dir': 'C:\\Users\\fre\\.dbt', 'fail_fast': 'False', 'warn_error': 'None', 'log_path': 'logs', 'debug': 'False', 'version_check': 'True', 'use_colors': 'True', 'use_experimental_parser': 'False', 'no_print': 'None', 'quiet': 'False', 'empty': 'None', 'log_format': 'default', 'introspect': 'True', 'static_parser': 'True', 'invocation_command': 'dbt test', 'target_path': 'None', 'warn_error_options': 'WarnErrorOptionsV2(error=[], warn=[], silence=[])', 'send_anonymous_usage_stats': 'True'}
[0m11:02:39.630212 [error] [MainThread]: Encountered an error:
Runtime Error
  No dbt_project.yml found at expected path D:\AI-projects\Telegram-MedicalData-To-AnalyticalAPI\dbt_project.yml
  Verify that each entry within packages.yml (and their transitive dependencies) contains a file named dbt_project.yml
  
[0m11:02:39.631213 [debug] [MainThread]: Command `dbt test` failed at 11:02:39.631213 after 0.17 seconds
[0m11:02:39.632213 [debug] [MainThread]: Sending event: {'category': 'dbt', 'action': 'invocation', 'label': 'end', 'context': [<snowplow_tracker.self_describing_json.SelfDescribingJson object at 0x000001CC339A83B0>, <snowplow_tracker.self_describing_json.SelfDescribingJson object at 0x000001CC35E64110>, <snowplow_tracker.self_describing_json.SelfDescribingJson object at 0x000001CC352C2960>]}
[0m11:02:39.632213 [debug] [MainThread]: Flushing usage events
[0m11:02:40.594458 [debug] [MainThread]: An error was encountered while trying to flush usage events
