2025-07-11 14:46:20.360 | INFO     | __main__:scrape_channel:75 - Starting scrape of CheMed123
2025-07-11 14:46:21.459 | INFO     | __main__:_process_message:66 - Saved image 97.jpg
2025-07-11 14:46:22.886 | INFO     | __main__:_process_message:66 - Saved image 96.jpg
2025-07-11 14:46:25.020 | INFO     | __main__:_process_message:66 - Saved image 95.jpg
2025-07-11 14:46:26.478 | INFO     | __main__:_process_message:66 - Saved image 94.jpg
2025-07-11 14:46:27.618 | INFO     | __main__:_process_message:66 - Saved image 93.jpg
2025-07-11 14:46:28.878 | INFO     | __main__:_process_message:66 - Saved image 92.jpg
2025-07-11 14:46:29.720 | INFO     | __main__:_process_message:66 - Saved image 91.jpg
2025-07-11 14:46:30.949 | INFO     | __main__:_process_message:66 - Saved image 90.jpg
2025-07-11 14:46:32.582 | INFO     | __main__:_process_message:66 - Saved image 88.jpg
2025-07-11 14:46:33.682 | INFO     | __main__:_process_message:66 - Saved image 87.jpg
2025-07-11 14:46:34.838 | INFO     | __main__:_process_message:66 - Saved image 86.jpg
2025-07-11 14:46:35.680 | INFO     | __main__:_process_message:66 - Saved image 85.jpg
2025-07-11 14:46:36.574 | INFO     | __main__:_process_message:66 - Saved image 82.jpg
2025-07-11 14:46:38.053 | INFO     | __main__:_process_message:66 - Saved image 81.jpg
2025-07-11 14:46:40.154 | INFO     | __main__:_process_message:66 - Saved image 80.jpg
2025-07-11 14:46:43.436 | INFO     | __main__:_process_message:66 - Saved image 79.jpg
2025-07-11 14:46:44.952 | INFO     | __main__:_process_message:66 - Saved image 78.jpg
2025-07-11 14:46:46.350 | INFO     | __main__:_process_message:66 - Saved image 77.jpg
2025-07-11 14:46:47.610 | INFO     | __main__:_process_message:66 - Saved image 76.jpg
2025-07-11 14:46:49.300 | INFO     | __main__:_process_message:66 - Saved image 75.jpg
2025-07-11 14:46:50.697 | INFO     | __main__:_process_message:66 - Saved image 74.jpg
2025-07-11 14:46:52.465 | INFO     | __main__:_process_message:66 - Saved image 71.jpg
2025-07-11 14:46:53.814 | INFO     | __main__:_process_message:66 - Saved image 70.jpg
2025-07-11 14:46:55.720 | INFO     | __main__:_process_message:66 - Saved image 67.jpg
2025-07-11 14:46:57.865 | INFO     | __main__:_process_message:66 - Saved image 64.jpg
2025-07-11 14:47:00.014 | INFO     | __main__:_process_message:66 - Saved image 60.jpg
2025-07-11 14:47:01.517 | INFO     | __main__:_process_message:66 - Saved image 59.jpg
2025-07-11 14:47:02.372 | INFO     | __main__:_process_message:66 - Saved image 58.jpg
2025-07-11 14:47:04.432 | INFO     | __main__:_process_message:66 - Saved image 56.jpg
2025-07-11 14:47:06.071 | INFO     | __main__:_process_message:66 - Saved image 55.jpg
2025-07-11 14:47:07.547 | INFO     | __main__:_process_message:66 - Saved image 53.jpg
2025-07-11 14:47:08.658 | INFO     | __main__:_process_message:66 - Saved image 52.jpg
2025-07-11 14:47:10.402 | INFO     | __main__:_process_message:66 - Saved image 50.jpg
2025-07-11 14:47:11.788 | INFO     | __main__:_process_message:66 - Saved image 49.jpg
2025-07-11 14:47:13.966 | INFO     | __main__:_process_message:66 - Saved image 48.jpg
2025-07-11 14:47:15.347 | INFO     | __main__:_process_message:66 - Saved image 46.jpg
2025-07-11 14:47:16.736 | INFO     | __main__:_process_message:66 - Saved image 45.jpg
2025-07-11 14:47:17.721 | INFO     | __main__:_process_message:66 - Saved image 44.jpg
2025-07-11 14:47:18.739 | INFO     | __main__:_process_message:66 - Saved image 43.jpg
2025-07-11 14:47:20.603 | INFO     | __main__:_process_message:66 - Saved image 41.jpg
2025-07-11 14:47:21.683 | INFO     | __main__:_process_message:66 - Saved image 40.jpg
2025-07-11 14:47:22.687 | INFO     | __main__:_process_message:66 - Saved image 39.jpg
2025-07-11 14:47:23.771 | INFO     | __main__:_process_message:66 - Saved image 38.jpg
2025-07-11 14:47:25.355 | INFO     | __main__:_process_message:66 - Saved image 34.jpg
2025-07-11 14:47:26.703 | INFO     | __main__:_process_message:66 - Saved image 33.jpg
2025-07-11 14:47:27.956 | INFO     | __main__:_process_message:66 - Saved image 32.jpg
2025-07-11 14:47:29.609 | INFO     | __main__:_process_message:66 - Saved image 31.jpg
2025-07-11 14:47:30.601 | INFO     | __main__:_process_message:66 - Saved image 30.jpg
2025-07-11 14:47:31.921 | INFO     | __main__:_process_message:66 - Saved image 29.jpg
2025-07-11 14:47:33.033 | INFO     | __main__:_process_message:66 - Saved image 27.jpg
2025-07-11 14:47:34.783 | INFO     | __main__:_process_message:66 - Saved image 26.jpg
2025-07-11 14:47:35.744 | INFO     | __main__:_process_message:66 - Saved image 25.jpg
2025-07-11 14:47:36.668 | INFO     | __main__:_process_message:66 - Saved image 23.jpg
2025-07-11 14:47:37.567 | INFO     | __main__:_process_message:66 - Saved image 22.jpg
2025-07-11 14:47:39.974 | INFO     | __main__:_process_message:66 - Saved image 21.jpg
2025-07-11 14:47:43.677 | INFO     | __main__:_process_message:66 - Saved image 20.jpg
2025-07-11 14:47:51.650 | INFO     | __main__:_process_message:66 - Saved image 19.jpg
2025-07-11 14:47:53.745 | INFO     | __main__:_process_message:66 - Saved image 18.jpg
2025-07-11 14:47:55.459 | INFO     | __main__:_process_message:66 - Saved image 17.jpg
2025-07-11 14:47:56.778 | INFO     | __main__:_process_message:66 - Saved image 15.jpg
2025-07-11 14:47:58.485 | INFO     | __main__:_process_message:66 - Saved image 14.jpg
2025-07-11 14:48:02.861 | INFO     | __main__:_process_message:66 - Saved image 13.jpg
2025-07-11 14:48:07.780 | INFO     | __main__:_process_message:66 - Saved image 11.jpg
2025-07-11 14:48:09.972 | INFO     | __main__:_process_message:66 - Saved image 10.jpg
2025-07-11 14:48:11.197 | INFO     | __main__:_process_message:66 - Saved image 9.jpg
2025-07-11 14:48:13.833 | INFO     | __main__:_process_message:66 - Saved image 3.jpg
2025-07-11 14:48:15.236 | INFO     | __main__:_process_message:66 - Saved image 2.jpg
2025-07-11 14:48:16.250 | SUCCESS  | __main__:scrape_channel:98 - Saved 76 messages from CheMed123 to data\raw\telegram_messages\2022-09-05\CheMed123.json
2025-07-11 14:48:21.256 | INFO     | __main__:scrape_channel:75 - Starting scrape of lobelia4cosmetics
2025-07-11 14:48:23.477 | INFO     | __main__:_process_message:66 - Saved image 18527.jpg
2025-07-11 14:48:25.234 | INFO     | __main__:_process_message:66 - Saved image 18526.jpg
2025-07-11 14:48:26.869 | INFO     | __main__:_process_message:66 - Saved image 18525.jpg
2025-07-11 14:48:28.499 | INFO     | __main__:_process_message:66 - Saved image 18524.jpg
2025-07-11 14:48:29.789 | INFO     | __main__:_process_message:66 - Saved image 18523.jpg
2025-07-11 14:48:30.768 | INFO     | __main__:_process_message:66 - Saved image 18522.jpg
2025-07-11 14:48:31.951 | INFO     | __main__:_process_message:66 - Saved image 18521.jpg
2025-07-11 14:48:33.938 | INFO     | __main__:_process_message:66 - Saved image 18520.jpg
2025-07-11 14:48:36.924 | INFO     | __main__:_process_message:66 - Saved image 18519.jpg
2025-07-11 14:48:37.900 | INFO     | __main__:_process_message:66 - Saved image 18518.jpg
2025-07-11 14:48:38.610 | INFO     | __main__:_process_message:66 - Saved image 18517.jpg
2025-07-11 14:48:39.352 | INFO     | __main__:_process_message:66 - Saved image 18516.jpg
2025-07-11 14:48:40.551 | INFO     | __main__:_process_message:66 - Saved image 18515.jpg
2025-07-11 14:48:41.232 | INFO     | __main__:_process_message:66 - Saved image 18514.jpg
2025-07-11 14:48:42.074 | INFO     | __main__:_process_message:66 - Saved image 18513.jpg
2025-07-11 14:48:42.855 | INFO     | __main__:_process_message:66 - Saved image 18512.jpg
2025-07-11 14:48:43.711 | INFO     | __main__:_process_message:66 - Saved image 18511.jpg
2025-07-11 14:48:44.667 | INFO     | __main__:_process_message:66 - Saved image 18510.jpg
2025-07-11 14:48:46.357 | INFO     | __main__:_process_message:66 - Saved image 18509.jpg
2025-07-11 14:48:47.625 | INFO     | __main__:_process_message:66 - Saved image 18508.jpg
2025-07-11 14:48:48.318 | INFO     | __main__:_process_message:66 - Saved image 18507.jpg
2025-07-11 14:48:49.468 | INFO     | __main__:_process_message:66 - Saved image 18506.jpg
2025-07-11 14:48:50.596 | INFO     | __main__:_process_message:66 - Saved image 18505.jpg
2025-07-11 14:48:51.662 | INFO     | __main__:_process_message:66 - Saved image 18504.jpg
2025-07-11 14:48:52.773 | INFO     | __main__:_process_message:66 - Saved image 18503.jpg
2025-07-11 14:48:53.853 | INFO     | __main__:_process_message:66 - Saved image 18502.jpg
2025-07-11 14:48:54.975 | INFO     | __main__:_process_message:66 - Saved image 18501.jpg
2025-07-11 14:48:55.878 | INFO     | __main__:_process_message:66 - Saved image 18500.jpg
2025-07-11 14:48:57.183 | INFO     | __main__:_process_message:66 - Saved image 18499.jpg
2025-07-11 14:48:58.270 | INFO     | __main__:_process_message:66 - Saved image 18498.jpg
2025-07-11 14:48:59.036 | INFO     | __main__:_process_message:66 - Saved image 18497.jpg
2025-07-11 14:49:00.071 | INFO     | __main__:_process_message:66 - Saved image 18496.jpg
2025-07-11 14:49:01.018 | INFO     | __main__:_process_message:66 - Saved image 18495.jpg
2025-07-11 14:49:01.902 | INFO     | __main__:_process_message:66 - Saved image 18494.jpg
2025-07-11 14:49:02.814 | INFO     | __main__:_process_message:66 - Saved image 18493.jpg
2025-07-11 14:49:03.660 | INFO     | __main__:_process_message:66 - Saved image 18492.jpg
2025-07-11 14:49:05.535 | INFO     | __main__:_process_message:66 - Saved image 18491.jpg
2025-07-11 14:49:07.572 | INFO     | __main__:_process_message:66 - Saved image 18490.jpg
2025-07-11 14:49:08.441 | INFO     | __main__:_process_message:66 - Saved image 18489.jpg
2025-07-11 14:49:09.762 | INFO     | __main__:_process_message:66 - Saved image 18488.jpg
2025-07-11 14:49:10.611 | INFO     | __main__:_process_message:66 - Saved image 18487.jpg
2025-07-11 14:49:11.946 | INFO     | __main__:_process_message:66 - Saved image 18486.jpg
2025-07-11 14:49:13.169 | INFO     | __main__:_process_message:66 - Saved image 18485.jpg
2025-07-11 14:49:14.105 | INFO     | __main__:_process_message:66 - Saved image 18484.jpg
2025-07-11 14:49:15.408 | INFO     | __main__:_process_message:66 - Saved image 18483.jpg
2025-07-11 14:49:16.381 | INFO     | __main__:_process_message:66 - Saved image 18482.jpg
2025-07-11 14:49:18.163 | INFO     | __main__:_process_message:66 - Saved image 18481.jpg
2025-07-11 14:49:20.142 | INFO     | __main__:_process_message:66 - Saved image 18480.jpg
2025-07-11 14:49:20.881 | INFO     | __main__:_process_message:66 - Saved image 18479.jpg
2025-07-11 14:49:22.198 | INFO     | __main__:_process_message:66 - Saved image 18478.jpg
2025-07-11 14:49:23.331 | INFO     | __main__:_process_message:66 - Saved image 18477.jpg
2025-07-11 14:49:25.849 | INFO     | __main__:_process_message:66 - Saved image 18476.jpg
2025-07-11 14:49:27.173 | INFO     | __main__:_process_message:66 - Saved image 18475.jpg
2025-07-11 14:49:28.273 | INFO     | __main__:_process_message:66 - Saved image 18474.jpg
2025-07-11 14:49:29.091 | INFO     | __main__:_process_message:66 - Saved image 18473.jpg
2025-07-11 14:49:30.022 | INFO     | __main__:_process_message:66 - Saved image 18472.jpg
2025-07-11 14:49:31.250 | INFO     | __main__:_process_message:66 - Saved image 18471.jpg
2025-07-11 14:49:32.196 | INFO     | __main__:_process_message:66 - Saved image 18470.jpg
2025-07-11 14:49:33.507 | INFO     | __main__:_process_message:66 - Saved image 18469.jpg
2025-07-11 14:49:34.915 | INFO     | __main__:_process_message:66 - Saved image 18468.jpg
2025-07-11 14:49:36.426 | INFO     | __main__:_process_message:66 - Saved image 18467.jpg
2025-07-11 14:49:37.211 | INFO     | __main__:_process_message:66 - Saved image 18466.jpg
2025-07-11 14:49:38.170 | INFO     | __main__:_process_message:66 - Saved image 18465.jpg
2025-07-11 14:49:39.451 | INFO     | __main__:_process_message:66 - Saved image 18464.jpg
2025-07-11 14:49:40.853 | INFO     | __main__:_process_message:66 - Saved image 18463.jpg
2025-07-11 14:49:42.025 | INFO     | __main__:_process_message:66 - Saved image 18462.jpg
2025-07-11 14:49:43.331 | INFO     | __main__:_process_message:66 - Saved image 18461.jpg
2025-07-11 14:49:44.783 | INFO     | __main__:_process_message:66 - Saved image 18460.jpg
2025-07-11 14:49:46.160 | INFO     | __main__:_process_message:66 - Saved image 18459.jpg
2025-07-11 14:49:47.556 | INFO     | __main__:_process_message:66 - Saved image 18458.jpg
2025-07-11 14:49:48.814 | INFO     | __main__:_process_message:66 - Saved image 18457.jpg
2025-07-11 14:49:50.055 | INFO     | __main__:_process_message:66 - Saved image 18456.jpg
2025-07-11 14:49:51.389 | INFO     | __main__:_process_message:66 - Saved image 18455.jpg
2025-07-11 14:49:52.531 | INFO     | __main__:_process_message:66 - Saved image 18454.jpg
2025-07-11 14:49:53.320 | INFO     | __main__:_process_message:66 - Saved image 18453.jpg
2025-07-11 14:49:54.573 | INFO     | __main__:_process_message:66 - Saved image 18452.jpg
2025-07-11 14:49:55.461 | INFO     | __main__:_process_message:66 - Saved image 18451.jpg
2025-07-11 14:49:56.409 | INFO     | __main__:_process_message:66 - Saved image 18450.jpg
2025-07-11 14:49:57.649 | INFO     | __main__:_process_message:66 - Saved image 18449.jpg
2025-07-11 14:49:58.688 | INFO     | __main__:_process_message:66 - Saved image 18448.jpg
2025-07-11 14:49:59.912 | INFO     | __main__:_process_message:66 - Saved image 18447.jpg
2025-07-11 14:50:00.799 | INFO     | __main__:_process_message:66 - Saved image 18446.jpg
2025-07-11 14:50:02.189 | INFO     | __main__:_process_message:66 - Saved image 18445.jpg
2025-07-11 14:50:05.052 | INFO     | __main__:_process_message:66 - Saved image 18444.jpg
2025-07-11 14:50:07.159 | INFO     | __main__:_process_message:66 - Saved image 18443.jpg
2025-07-11 14:50:08.221 | INFO     | __main__:_process_message:66 - Saved image 18442.jpg
2025-07-11 14:50:10.325 | INFO     | __main__:_process_message:66 - Saved image 18441.jpg
2025-07-11 14:50:11.217 | INFO     | __main__:_process_message:66 - Saved image 18440.jpg
2025-07-11 14:50:12.133 | INFO     | __main__:_process_message:66 - Saved image 18439.jpg
2025-07-11 14:50:12.989 | INFO     | __main__:_process_message:66 - Saved image 18438.jpg
2025-07-11 14:50:14.655 | INFO     | __main__:_process_message:66 - Saved image 18437.jpg
2025-07-11 14:50:15.430 | INFO     | __main__:_process_message:66 - Saved image 18436.jpg
2025-07-11 14:50:16.179 | INFO     | __main__:_process_message:66 - Saved image 18435.jpg
2025-07-11 14:50:17.700 | INFO     | __main__:_process_message:66 - Saved image 18434.jpg
2025-07-11 14:50:18.507 | INFO     | __main__:_process_message:66 - Saved image 18433.jpg
2025-07-11 14:50:20.065 | INFO     | __main__:_process_message:66 - Saved image 18432.jpg
2025-07-11 14:50:20.868 | INFO     | __main__:_process_message:66 - Saved image 18431.jpg
2025-07-11 14:50:21.707 | INFO     | __main__:_process_message:66 - Saved image 18430.jpg
2025-07-11 14:50:23.117 | INFO     | __main__:_process_message:66 - Saved image 18429.jpg
2025-07-11 14:50:23.907 | INFO     | __main__:_process_message:66 - Saved image 18428.jpg
2025-07-11 14:50:25.867 | INFO     | __main__:_process_message:66 - Saved image 18427.jpg
2025-07-11 14:50:27.199 | INFO     | __main__:_process_message:66 - Saved image 18426.jpg
2025-07-11 14:50:28.233 | INFO     | __main__:_process_message:66 - Saved image 18425.jpg
2025-07-11 14:50:29.670 | INFO     | __main__:_process_message:66 - Saved image 18424.jpg
2025-07-11 14:50:30.812 | INFO     | __main__:_process_message:66 - Saved image 18423.jpg
2025-07-11 14:50:31.649 | INFO     | __main__:_process_message:66 - Saved image 18422.jpg
2025-07-11 14:50:32.432 | INFO     | __main__:_process_message:66 - Saved image 18421.jpg
2025-07-11 14:50:33.634 | INFO     | __main__:_process_message:66 - Saved image 18420.jpg
2025-07-11 14:50:34.610 | INFO     | __main__:_process_message:66 - Saved image 18419.jpg
2025-07-11 14:50:35.916 | INFO     | __main__:_process_message:66 - Saved image 18418.jpg
2025-07-11 14:50:37.109 | INFO     | __main__:_process_message:66 - Saved image 18417.jpg
2025-07-11 14:50:37.953 | INFO     | __main__:_process_message:66 - Saved image 18416.jpg
2025-07-11 14:50:40.178 | INFO     | __main__:_process_message:66 - Saved image 18415.jpg
2025-07-11 14:50:41.434 | INFO     | __main__:_process_message:66 - Saved image 18414.jpg
2025-07-11 14:50:42.306 | INFO     | __main__:_process_message:66 - Saved image 18413.jpg
2025-07-11 14:50:43.260 | INFO     | __main__:_process_message:66 - Saved image 18412.jpg
2025-07-11 14:50:44.241 | INFO     | __main__:_process_message:66 - Saved image 18411.jpg
2025-07-11 14:50:44.994 | INFO     | __main__:_process_message:66 - Saved image 18410.jpg
2025-07-11 14:50:45.882 | INFO     | __main__:_process_message:66 - Saved image 18409.jpg
2025-07-11 14:50:47.154 | INFO     | __main__:_process_message:66 - Saved image 18408.jpg
2025-07-11 14:50:48.764 | INFO     | __main__:_process_message:66 - Saved image 18407.jpg
2025-07-11 14:50:50.266 | INFO     | __main__:_process_message:66 - Saved image 18406.jpg
2025-07-11 14:50:51.551 | INFO     | __main__:_process_message:66 - Saved image 18405.jpg
2025-07-11 14:50:53.755 | INFO     | __main__:_process_message:66 - Saved image 18404.jpg
2025-07-11 14:50:55.768 | INFO     | __main__:_process_message:66 - Saved image 18403.jpg
2025-07-11 14:50:56.841 | INFO     | __main__:_process_message:66 - Saved image 18402.jpg
2025-07-11 14:50:59.038 | INFO     | __main__:_process_message:66 - Saved image 18401.jpg
2025-07-11 14:50:59.977 | INFO     | __main__:_process_message:66 - Saved image 18400.jpg
2025-07-11 14:51:01.225 | INFO     | __main__:_process_message:66 - Saved image 18399.jpg
2025-07-11 14:51:02.439 | INFO     | __main__:_process_message:66 - Saved image 18398.jpg
2025-07-11 14:51:03.956 | INFO     | __main__:_process_message:66 - Saved image 18397.jpg
2025-07-11 14:51:05.553 | INFO     | __main__:_process_message:66 - Saved image 18396.jpg
2025-07-11 14:51:06.827 | INFO     | __main__:_process_message:66 - Saved image 18395.jpg
2025-07-11 14:51:08.221 | INFO     | __main__:_process_message:66 - Saved image 18394.jpg
2025-07-11 14:51:10.561 | INFO     | __main__:_process_message:66 - Saved image 18393.jpg
2025-07-11 14:51:12.031 | INFO     | __main__:_process_message:66 - Saved image 18392.jpg
2025-07-11 14:51:14.553 | INFO     | __main__:_process_message:66 - Saved image 18391.jpg
2025-07-11 14:51:17.220 | INFO     | __main__:_process_message:66 - Saved image 18390.jpg
2025-07-11 14:51:19.620 | INFO     | __main__:_process_message:66 - Saved image 18389.jpg
2025-07-11 14:51:20.616 | INFO     | __main__:_process_message:66 - Saved image 18388.jpg
2025-07-11 14:51:22.221 | INFO     | __main__:_process_message:66 - Saved image 18387.jpg
2025-07-11 14:51:24.562 | INFO     | __main__:_process_message:66 - Saved image 18386.jpg
2025-07-11 14:51:26.800 | INFO     | __main__:_process_message:66 - Saved image 18385.jpg
2025-07-11 14:51:27.943 | INFO     | __main__:_process_message:66 - Saved image 18384.jpg
2025-07-11 14:51:31.407 | INFO     | __main__:_process_message:66 - Saved image 18383.jpg
2025-07-11 14:51:32.668 | INFO     | __main__:_process_message:66 - Saved image 18382.jpg
2025-07-11 14:51:34.914 | INFO     | __main__:_process_message:66 - Saved image 18381.jpg
2025-07-11 14:51:36.142 | INFO     | __main__:_process_message:66 - Saved image 18379.jpg
2025-07-11 14:51:38.291 | INFO     | __main__:_process_message:66 - Saved image 18378.jpg
2025-07-11 14:51:39.076 | INFO     | __main__:_process_message:66 - Saved image 18377.jpg
2025-07-11 14:51:40.068 | INFO     | __main__:_process_message:66 - Saved image 18376.jpg
2025-07-11 14:51:41.641 | INFO     | __main__:_process_message:66 - Saved image 18375.jpg
2025-07-11 14:51:43.338 | INFO     | __main__:_process_message:66 - Saved image 18374.jpg
2025-07-11 14:51:44.453 | INFO     | __main__:_process_message:66 - Saved image 18373.jpg
2025-07-11 14:51:47.119 | INFO     | __main__:_process_message:66 - Saved image 18372.jpg
2025-07-11 14:51:48.345 | INFO     | __main__:_process_message:66 - Saved image 18371.jpg
2025-07-11 14:51:49.997 | INFO     | __main__:_process_message:66 - Saved image 18370.jpg
2025-07-11 14:51:54.312 | INFO     | __main__:_process_message:66 - Saved image 18369.jpg
2025-07-11 14:51:56.050 | INFO     | __main__:_process_message:66 - Saved image 18368.jpg
2025-07-11 14:51:57.125 | INFO     | __main__:_process_message:66 - Saved image 18367.jpg
2025-07-11 14:51:58.452 | INFO     | __main__:_process_message:66 - Saved image 18366.jpg
2025-07-11 14:52:01.200 | INFO     | __main__:_process_message:66 - Saved image 18365.jpg
2025-07-11 14:52:04.721 | INFO     | __main__:_process_message:66 - Saved image 18364.jpg
2025-07-11 14:52:06.730 | INFO     | __main__:_process_message:66 - Saved image 18363.jpg
2025-07-11 14:52:07.673 | INFO     | __main__:_process_message:66 - Saved image 18362.jpg
2025-07-11 14:52:08.771 | INFO     | __main__:_process_message:66 - Saved image 18361.jpg
2025-07-11 14:52:09.730 | INFO     | __main__:_process_message:66 - Saved image 18360.jpg
2025-07-11 14:52:10.996 | INFO     | __main__:_process_message:66 - Saved image 18359.jpg
2025-07-11 14:52:12.149 | INFO     | __main__:_process_message:66 - Saved image 18358.jpg
2025-07-11 14:52:13.644 | INFO     | __main__:_process_message:66 - Saved image 18357.jpg
2025-07-11 14:52:16.506 | INFO     | __main__:_process_message:66 - Saved image 18356.jpg
2025-07-11 14:52:20.036 | INFO     | __main__:_process_message:66 - Saved image 18355.jpg
2025-07-11 14:52:22.206 | INFO     | __main__:_process_message:66 - Saved image 18354.jpg
2025-07-11 14:52:23.318 | INFO     | __main__:_process_message:66 - Saved image 18353.jpg
2025-07-11 14:52:25.118 | INFO     | __main__:_process_message:66 - Saved image 18352.jpg
2025-07-11 14:52:26.661 | INFO     | __main__:_process_message:66 - Saved image 18351.jpg
2025-07-11 14:52:27.829 | INFO     | __main__:_process_message:66 - Saved image 18350.jpg
2025-07-11 14:52:29.849 | INFO     | __main__:_process_message:66 - Saved image 18349.jpg
2025-07-11 14:52:31.762 | INFO     | __main__:_process_message:66 - Saved image 18348.jpg
2025-07-11 14:52:33.841 | INFO     | __main__:_process_message:66 - Saved image 18347.jpg
2025-07-11 14:52:34.797 | INFO     | __main__:_process_message:66 - Saved image 18346.jpg
2025-07-11 14:52:35.589 | INFO     | __main__:_process_message:66 - Saved image 18345.jpg
2025-07-11 14:52:36.848 | INFO     | __main__:_process_message:66 - Saved image 18344.jpg
2025-07-11 14:52:38.100 | INFO     | __main__:_process_message:66 - Saved image 18343.jpg
2025-07-11 14:52:38.917 | INFO     | __main__:_process_message:66 - Saved image 18342.jpg
2025-07-11 14:52:40.147 | INFO     | __main__:_process_message:66 - Saved image 18341.jpg
2025-07-11 14:52:41.966 | INFO     | __main__:_process_message:66 - Saved image 18340.jpg
2025-07-11 14:52:43.456 | INFO     | __main__:_process_message:66 - Saved image 18339.jpg
2025-07-11 14:52:44.648 | INFO     | __main__:_process_message:66 - Saved image 18338.jpg
2025-07-11 14:52:45.642 | INFO     | __main__:_process_message:66 - Saved image 18337.jpg
2025-07-11 14:52:47.295 | INFO     | __main__:_process_message:66 - Saved image 18336.jpg
2025-07-11 14:52:48.221 | INFO     | __main__:_process_message:66 - Saved image 18335.jpg
2025-07-11 14:52:50.135 | INFO     | __main__:_process_message:66 - Saved image 18334.jpg
2025-07-11 14:52:51.985 | INFO     | __main__:_process_message:66 - Saved image 18333.jpg
2025-07-11 14:52:53.336 | INFO     | __main__:_process_message:66 - Saved image 18332.jpg
2025-07-11 14:52:54.428 | INFO     | __main__:_process_message:66 - Saved image 18330.jpg
2025-07-11 14:52:55.734 | INFO     | __main__:_process_message:66 - Saved image 18329.jpg
2025-07-11 14:52:56.712 | INFO     | __main__:_process_message:66 - Saved image 18328.jpg
2025-07-11 14:52:57.803 | INFO     | __main__:_process_message:66 - Saved image 18327.jpg
2025-07-11 14:52:58.850 | INFO     | __main__:_process_message:66 - Saved image 18326.jpg
2025-07-11 14:53:00.307 | INFO     | __main__:_process_message:66 - Saved image 18325.jpg
2025-07-11 14:53:01.106 | INFO     | __main__:_process_message:66 - Saved image 18324.jpg
2025-07-11 14:53:02.259 | INFO     | __main__:_process_message:66 - Saved image 18323.jpg
2025-07-11 14:53:04.421 | INFO     | __main__:_process_message:66 - Saved image 18322.jpg
2025-07-11 14:53:05.789 | INFO     | __main__:_process_message:66 - Saved image 18321.jpg
2025-07-11 14:53:07.959 | INFO     | __main__:_process_message:66 - Saved image 18320.jpg
2025-07-11 14:53:08.991 | INFO     | __main__:_process_message:66 - Saved image 18319.jpg
2025-07-11 14:53:11.714 | INFO     | __main__:_process_message:66 - Saved image 18318.jpg
2025-07-11 14:53:12.518 | INFO     | __main__:_process_message:66 - Saved image 18317.jpg
2025-07-11 14:53:13.651 | INFO     | __main__:_process_message:66 - Saved image 18316.jpg
2025-07-11 14:53:14.432 | INFO     | __main__:_process_message:66 - Saved image 18315.jpg
2025-07-11 14:53:15.267 | INFO     | __main__:_process_message:66 - Saved image 18314.jpg
2025-07-11 14:53:16.321 | INFO     | __main__:_process_message:66 - Saved image 18313.jpg
2025-07-11 14:53:17.257 | INFO     | __main__:_process_message:66 - Saved image 18312.jpg
2025-07-11 14:53:18.905 | INFO     | __main__:_process_message:66 - Saved image 18311.jpg
2025-07-11 14:53:19.793 | INFO     | __main__:_process_message:66 - Saved image 18310.jpg
2025-07-11 14:53:21.236 | INFO     | __main__:_process_message:66 - Saved image 18309.jpg
2025-07-11 14:53:22.437 | INFO     | __main__:_process_message:66 - Saved image 18308.jpg
2025-07-11 14:53:23.318 | INFO     | __main__:_process_message:66 - Saved image 18307.jpg
2025-07-11 14:53:24.531 | INFO     | __main__:_process_message:66 - Saved image 18306.jpg
2025-07-11 14:53:25.647 | INFO     | __main__:_process_message:66 - Saved image 18305.jpg
2025-07-11 14:53:26.718 | INFO     | __main__:_process_message:66 - Saved image 18304.jpg
2025-07-11 14:53:28.645 | INFO     | __main__:_process_message:66 - Saved image 18303.jpg
2025-07-11 14:53:30.135 | INFO     | __main__:_process_message:66 - Saved image 18302.jpg
2025-07-11 14:53:31.102 | INFO     | __main__:_process_message:66 - Saved image 18301.jpg
2025-07-11 14:53:32.314 | INFO     | __main__:_process_message:66 - Saved image 18300.jpg
2025-07-11 14:53:33.247 | INFO     | __main__:_process_message:66 - Saved image 18299.jpg
2025-07-11 14:53:36.180 | INFO     | __main__:_process_message:66 - Saved image 18298.jpg
2025-07-11 14:53:47.806 | INFO     | __main__:_process_message:66 - Saved image 18297.jpg
2025-07-11 14:53:53.322 | INFO     | __main__:_process_message:66 - Saved image 18296.jpg
2025-07-11 14:53:55.005 | INFO     | __main__:_process_message:66 - Saved image 18295.jpg
2025-07-11 14:53:56.007 | INFO     | __main__:_process_message:66 - Saved image 18294.jpg
2025-07-11 14:53:56.743 | INFO     | __main__:_process_message:66 - Saved image 18293.jpg
2025-07-11 14:53:58.447 | INFO     | __main__:_process_message:66 - Saved image 18291.jpg
2025-07-11 14:53:59.849 | INFO     | __main__:_process_message:66 - Saved image 18290.jpg
2025-07-11 14:54:00.654 | INFO     | __main__:_process_message:66 - Saved image 18289.jpg
2025-07-11 14:54:02.090 | INFO     | __main__:_process_message:66 - Saved image 18288.jpg
2025-07-11 14:54:03.335 | INFO     | __main__:_process_message:66 - Saved image 18287.jpg
2025-07-11 14:54:04.290 | INFO     | __main__:_process_message:66 - Saved image 18286.jpg
2025-07-11 14:54:05.439 | INFO     | __main__:_process_message:66 - Saved image 18285.jpg
2025-07-11 14:54:07.381 | INFO     | __main__:_process_message:66 - Saved image 18284.jpg
2025-07-11 14:54:08.625 | INFO     | __main__:_process_message:66 - Saved image 18283.jpg
2025-07-11 14:54:09.440 | INFO     | __main__:_process_message:66 - Saved image 18282.jpg
2025-07-11 14:54:11.594 | INFO     | __main__:_process_message:66 - Saved image 18281.jpg
2025-07-11 14:54:12.912 | INFO     | __main__:_process_message:66 - Saved image 18280.jpg
2025-07-11 14:54:13.958 | INFO     | __main__:_process_message:66 - Saved image 18279.jpg
2025-07-11 14:54:15.966 | INFO     | __main__:_process_message:66 - Saved image 18278.jpg
2025-07-11 14:54:16.710 | INFO     | __main__:_process_message:66 - Saved image 18277.jpg
2025-07-11 14:54:17.596 | INFO     | __main__:_process_message:66 - Saved image 18276.jpg
2025-07-11 14:54:19.207 | INFO     | __main__:_process_message:66 - Saved image 18274.jpg
2025-07-11 14:54:20.721 | INFO     | __main__:_process_message:66 - Saved image 18273.jpg
2025-07-11 14:54:21.404 | INFO     | __main__:_process_message:66 - Saved image 18272.jpg
2025-07-11 14:54:22.304 | INFO     | __main__:_process_message:66 - Saved image 18271.jpg
2025-07-11 14:54:23.134 | INFO     | __main__:_process_message:66 - Saved image 18270.jpg
2025-07-11 14:54:24.583 | INFO     | __main__:_process_message:66 - Saved image 18269.jpg
2025-07-11 14:54:26.075 | INFO     | __main__:_process_message:66 - Saved image 18268.jpg
2025-07-11 14:54:26.892 | INFO     | __main__:_process_message:66 - Saved image 18267.jpg
2025-07-11 14:54:28.497 | INFO     | __main__:_process_message:66 - Saved image 18266.jpg
2025-07-11 14:54:29.586 | INFO     | __main__:_process_message:66 - Saved image 18265.jpg
2025-07-11 14:54:31.159 | INFO     | __main__:_process_message:66 - Saved image 18264.jpg
2025-07-11 14:54:32.006 | INFO     | __main__:_process_message:66 - Saved image 18263.jpg
2025-07-11 14:54:32.801 | INFO     | __main__:_process_message:66 - Saved image 18262.jpg
2025-07-11 14:54:33.666 | INFO     | __main__:_process_message:66 - Saved image 18261.jpg
2025-07-11 14:54:34.537 | INFO     | __main__:_process_message:66 - Saved image 18260.jpg
2025-07-11 14:54:35.431 | INFO     | __main__:_process_message:66 - Saved image 18259.jpg
2025-07-11 14:54:37.080 | INFO     | __main__:_process_message:66 - Saved image 18258.jpg
2025-07-11 14:54:37.793 | INFO     | __main__:_process_message:66 - Saved image 18257.jpg
2025-07-11 14:54:38.585 | INFO     | __main__:_process_message:66 - Saved image 18256.jpg
2025-07-11 14:54:41.429 | INFO     | __main__:_process_message:66 - Saved image 18255.jpg
2025-07-11 14:54:42.380 | INFO     | __main__:_process_message:66 - Saved image 18254.jpg
2025-07-11 14:54:44.061 | INFO     | __main__:_process_message:66 - Saved image 18253.jpg
2025-07-11 14:54:45.519 | INFO     | __main__:_process_message:66 - Saved image 18252.jpg
2025-07-11 14:54:48.182 | INFO     | __main__:_process_message:66 - Saved image 18251.jpg
2025-07-11 14:54:49.547 | INFO     | __main__:_process_message:66 - Saved image 18250.jpg
2025-07-11 14:54:50.951 | INFO     | __main__:_process_message:66 - Saved image 18249.jpg
2025-07-11 14:54:52.053 | INFO     | __main__:_process_message:66 - Saved image 18248.jpg
2025-07-11 14:54:53.288 | INFO     | __main__:_process_message:66 - Saved image 18247.jpg
2025-07-11 14:54:54.305 | INFO     | __main__:_process_message:66 - Saved image 18246.jpg
2025-07-11 14:54:55.268 | INFO     | __main__:_process_message:66 - Saved image 18245.jpg
2025-07-11 14:54:56.656 | INFO     | __main__:_process_message:66 - Saved image 18244.jpg
2025-07-11 14:54:57.970 | INFO     | __main__:_process_message:66 - Saved image 18243.jpg
2025-07-11 14:54:59.118 | INFO     | __main__:_process_message:66 - Saved image 18242.jpg
2025-07-11 14:55:00.704 | INFO     | __main__:_process_message:66 - Saved image 18241.jpg
2025-07-11 14:55:02.163 | INFO     | __main__:_process_message:66 - Saved image 18240.jpg
2025-07-11 14:55:04.550 | INFO     | __main__:_process_message:66 - Saved image 18239.jpg
2025-07-11 14:55:06.698 | INFO     | __main__:_process_message:66 - Saved image 18238.jpg
2025-07-11 14:55:08.240 | INFO     | __main__:_process_message:66 - Saved image 18237.jpg
2025-07-11 14:55:09.496 | INFO     | __main__:_process_message:66 - Saved image 18236.jpg
2025-07-11 14:55:10.741 | INFO     | __main__:_process_message:66 - Saved image 18235.jpg
2025-07-11 14:55:11.436 | INFO     | __main__:_process_message:66 - Saved image 18234.jpg
2025-07-11 14:55:12.843 | INFO     | __main__:_process_message:66 - Saved image 18233.jpg
2025-07-11 14:55:13.800 | INFO     | __main__:_process_message:66 - Saved image 18232.jpg
2025-07-11 14:55:16.532 | INFO     | __main__:_process_message:66 - Saved image 18231.jpg
2025-07-11 14:55:17.441 | INFO     | __main__:_process_message:66 - Saved image 18230.jpg
2025-07-11 14:55:18.273 | INFO     | __main__:_process_message:66 - Saved image 18229.jpg
2025-07-11 14:55:19.591 | INFO     | __main__:_process_message:66 - Saved image 18228.jpg
2025-07-11 14:55:21.043 | INFO     | __main__:_process_message:66 - Saved image 18227.jpg
2025-07-11 14:55:24.075 | INFO     | __main__:_process_message:66 - Saved image 18226.jpg
2025-07-11 14:55:25.296 | INFO     | __main__:_process_message:66 - Saved image 18225.jpg
2025-07-11 14:55:28.011 | INFO     | __main__:_process_message:66 - Saved image 18224.jpg
2025-07-11 14:55:29.951 | INFO     | __main__:_process_message:66 - Saved image 18223.jpg
2025-07-11 14:55:31.542 | INFO     | __main__:_process_message:66 - Saved image 18222.jpg
2025-07-11 14:55:33.450 | INFO     | __main__:_process_message:66 - Saved image 18221.jpg
2025-07-11 14:55:35.234 | INFO     | __main__:_process_message:66 - Saved image 18220.jpg
2025-07-11 14:55:36.030 | INFO     | __main__:_process_message:66 - Saved image 18219.jpg
2025-07-11 14:55:36.812 | INFO     | __main__:_process_message:66 - Saved image 18218.jpg
2025-07-11 14:55:38.902 | INFO     | __main__:_process_message:66 - Saved image 18216.jpg
2025-07-11 14:55:39.943 | INFO     | __main__:_process_message:66 - Saved image 18215.jpg
2025-07-11 14:55:41.646 | INFO     | __main__:_process_message:66 - Saved image 18214.jpg
2025-07-11 14:55:42.392 | INFO     | __main__:_process_message:66 - Saved image 18213.jpg
2025-07-11 14:55:43.293 | INFO     | __main__:_process_message:66 - Saved image 18212.jpg
2025-07-11 14:55:44.049 | INFO     | __main__:_process_message:66 - Saved image 18211.jpg
2025-07-11 14:55:45.164 | INFO     | __main__:_process_message:66 - Saved image 18210.jpg
2025-07-11 14:55:45.836 | INFO     | __main__:_process_message:66 - Saved image 18209.jpg
2025-07-11 14:55:46.756 | INFO     | __main__:_process_message:66 - Saved image 18208.jpg
2025-07-11 14:55:47.584 | INFO     | __main__:_process_message:66 - Saved image 18207.jpg
2025-07-11 14:55:48.435 | INFO     | __main__:_process_message:66 - Saved image 18206.jpg
2025-07-11 14:55:49.508 | INFO     | __main__:_process_message:66 - Saved image 18205.jpg
2025-07-11 14:55:50.599 | INFO     | __main__:_process_message:66 - Saved image 18204.jpg
2025-07-11 14:55:52.520 | INFO     | __main__:_process_message:66 - Saved image 18203.jpg
2025-07-11 14:55:54.470 | INFO     | __main__:_process_message:66 - Saved image 18202.jpg
2025-07-11 14:55:55.983 | INFO     | __main__:_process_message:66 - Saved image 18201.jpg
2025-07-11 14:55:57.384 | INFO     | __main__:_process_message:66 - Saved image 18200.jpg
2025-07-11 14:55:58.396 | INFO     | __main__:_process_message:66 - Saved image 18199.jpg
2025-07-11 14:56:01.810 | INFO     | __main__:_process_message:66 - Saved image 18198.jpg
2025-07-11 14:56:02.751 | INFO     | __main__:_process_message:66 - Saved image 18197.jpg
2025-07-11 14:56:03.715 | INFO     | __main__:_process_message:66 - Saved image 18196.jpg
2025-07-11 14:56:06.021 | INFO     | __main__:_process_message:66 - Saved image 18195.jpg
2025-07-11 14:56:07.229 | INFO     | __main__:_process_message:66 - Saved image 18194.jpg
2025-07-11 14:56:08.271 | INFO     | __main__:_process_message:66 - Saved image 18193.jpg
2025-07-11 14:56:10.653 | INFO     | __main__:_process_message:66 - Saved image 18192.jpg
2025-07-11 14:56:11.538 | INFO     | __main__:_process_message:66 - Saved image 18191.jpg
2025-07-11 14:56:12.465 | INFO     | __main__:_process_message:66 - Saved image 18190.jpg
2025-07-11 14:56:13.285 | INFO     | __main__:_process_message:66 - Saved image 18189.jpg
2025-07-11 14:56:14.094 | INFO     | __main__:_process_message:66 - Saved image 18188.jpg
2025-07-11 14:56:15.936 | INFO     | __main__:_process_message:66 - Saved image 18187.jpg
2025-07-11 14:56:16.968 | INFO     | __main__:_process_message:66 - Saved image 18186.jpg
2025-07-11 14:56:17.797 | INFO     | __main__:_process_message:66 - Saved image 18185.jpg
2025-07-11 14:56:19.108 | INFO     | __main__:_process_message:66 - Saved image 18184.jpg
2025-07-11 14:56:19.885 | INFO     | __main__:_process_message:66 - Saved image 18183.jpg
2025-07-11 14:56:20.759 | INFO     | __main__:_process_message:66 - Saved image 18182.jpg
2025-07-11 14:56:21.545 | INFO     | __main__:_process_message:66 - Saved image 18181.jpg
2025-07-11 14:56:22.978 | INFO     | __main__:_process_message:66 - Saved image 18180.jpg
2025-07-11 14:56:23.782 | INFO     | __main__:_process_message:66 - Saved image 18179.jpg
2025-07-11 14:56:25.543 | INFO     | __main__:_process_message:66 - Saved image 18178.jpg
2025-07-11 14:56:26.243 | INFO     | __main__:_process_message:66 - Saved image 18177.jpg
2025-07-11 14:56:27.372 | INFO     | __main__:_process_message:66 - Saved image 18176.jpg
2025-07-11 14:56:28.077 | INFO     | __main__:_process_message:66 - Saved image 18175.jpg
2025-07-11 14:56:28.906 | INFO     | __main__:_process_message:66 - Saved image 18174.jpg
2025-07-11 14:56:29.693 | INFO     | __main__:_process_message:66 - Saved image 18173.jpg
2025-07-11 14:56:30.880 | INFO     | __main__:_process_message:66 - Saved image 18171.jpg
2025-07-11 14:56:31.643 | INFO     | __main__:_process_message:66 - Saved image 18170.jpg
2025-07-11 14:56:32.651 | INFO     | __main__:_process_message:66 - Saved image 18169.jpg
2025-07-11 14:56:33.418 | INFO     | __main__:_process_message:66 - Saved image 18168.jpg
2025-07-11 14:56:34.217 | INFO     | __main__:_process_message:66 - Saved image 18167.jpg
2025-07-11 14:56:34.988 | INFO     | __main__:_process_message:66 - Saved image 18166.jpg
2025-07-11 14:56:35.999 | INFO     | __main__:_process_message:66 - Saved image 18165.jpg
2025-07-11 14:56:36.674 | INFO     | __main__:_process_message:66 - Saved image 18164.jpg
2025-07-11 14:56:37.489 | INFO     | __main__:_process_message:66 - Saved image 18163.jpg
2025-07-11 14:56:38.272 | INFO     | __main__:_process_message:66 - Saved image 18162.jpg
2025-07-11 14:56:39.020 | INFO     | __main__:_process_message:66 - Saved image 18158.jpg
2025-07-11 14:56:40.489 | INFO     | __main__:_process_message:66 - Saved image 18157.jpg
2025-07-11 14:56:41.208 | INFO     | __main__:_process_message:66 - Saved image 18156.jpg
2025-07-11 14:56:42.255 | INFO     | __main__:_process_message:66 - Saved image 18155.jpg
2025-07-11 14:56:43.027 | INFO     | __main__:_process_message:66 - Saved image 18154.jpg
2025-07-11 14:56:44.343 | INFO     | __main__:_process_message:66 - Saved image 18153.jpg
2025-07-11 14:56:45.463 | INFO     | __main__:_process_message:66 - Saved image 18152.jpg
2025-07-11 14:56:46.243 | INFO     | __main__:_process_message:66 - Saved image 18151.jpg
2025-07-11 14:56:47.209 | INFO     | __main__:_process_message:66 - Saved image 18150.jpg
2025-07-11 14:56:48.114 | INFO     | __main__:_process_message:66 - Saved image 18149.jpg
2025-07-11 14:56:49.323 | INFO     | __main__:_process_message:66 - Saved image 18148.jpg
2025-07-11 14:56:50.765 | INFO     | __main__:_process_message:66 - Saved image 18147.jpg
2025-07-11 14:56:52.270 | INFO     | __main__:_process_message:66 - Saved image 18146.jpg
2025-07-11 14:56:53.278 | INFO     | __main__:_process_message:66 - Saved image 18145.jpg
2025-07-11 14:56:54.129 | INFO     | __main__:_process_message:66 - Saved image 18144.jpg
2025-07-11 14:56:54.890 | INFO     | __main__:_process_message:66 - Saved image 18143.jpg
2025-07-11 14:56:56.294 | INFO     | __main__:_process_message:66 - Saved image 18142.jpg
2025-07-11 14:56:57.356 | INFO     | __main__:_process_message:66 - Saved image 18141.jpg
2025-07-11 14:56:58.361 | INFO     | __main__:_process_message:66 - Saved image 18140.jpg
2025-07-11 14:56:59.781 | INFO     | __main__:_process_message:66 - Saved image 18139.jpg
2025-07-11 14:57:00.574 | INFO     | __main__:_process_message:66 - Saved image 18138.jpg
2025-07-11 14:57:03.406 | INFO     | __main__:_process_message:66 - Saved image 18137.jpg
2025-07-11 14:57:04.143 | INFO     | __main__:_process_message:66 - Saved image 18136.jpg
2025-07-11 14:57:05.135 | INFO     | __main__:_process_message:66 - Saved image 18135.jpg
2025-07-11 14:57:06.418 | INFO     | __main__:_process_message:66 - Saved image 18134.jpg
2025-07-11 14:57:07.400 | INFO     | __main__:_process_message:66 - Saved image 18133.jpg
2025-07-11 14:57:08.303 | INFO     | __main__:_process_message:66 - Saved image 18132.jpg
2025-07-11 14:57:09.465 | INFO     | __main__:_process_message:66 - Saved image 18131.jpg
2025-07-11 14:57:10.315 | INFO     | __main__:_process_message:66 - Saved image 18130.jpg
2025-07-11 14:57:11.950 | INFO     | __main__:_process_message:66 - Saved image 18129.jpg
2025-07-11 14:57:13.021 | INFO     | __main__:_process_message:66 - Saved image 18128.jpg
2025-07-11 14:57:14.131 | INFO     | __main__:_process_message:66 - Saved image 18127.jpg
2025-07-11 14:57:16.343 | INFO     | __main__:_process_message:66 - Saved image 18126.jpg
2025-07-11 14:57:17.355 | INFO     | __main__:_process_message:66 - Saved image 18125.jpg
2025-07-11 14:57:18.269 | INFO     | __main__:_process_message:66 - Saved image 18124.jpg
2025-07-11 14:57:19.509 | INFO     | __main__:_process_message:66 - Saved image 18123.jpg
2025-07-11 14:57:21.293 | INFO     | __main__:_process_message:66 - Saved image 18122.jpg
2025-07-11 14:57:22.109 | INFO     | __main__:_process_message:66 - Saved image 18121.jpg
2025-07-11 14:57:23.305 | INFO     | __main__:_process_message:66 - Saved image 18120.jpg
2025-07-11 14:57:24.501 | INFO     | __main__:_process_message:66 - Saved image 18119.jpg
2025-07-11 14:57:26.201 | INFO     | __main__:_process_message:66 - Saved image 18118.jpg
2025-07-11 14:57:27.796 | INFO     | __main__:_process_message:66 - Saved image 18117.jpg
2025-07-11 14:57:29.031 | INFO     | __main__:_process_message:66 - Saved image 18116.jpg
2025-07-11 14:57:31.043 | INFO     | __main__:_process_message:66 - Saved image 18115.jpg
2025-07-11 14:57:32.033 | INFO     | __main__:_process_message:66 - Saved image 18114.jpg
2025-07-11 14:57:32.867 | INFO     | __main__:_process_message:66 - Saved image 18113.jpg
2025-07-11 14:57:33.776 | INFO     | __main__:_process_message:66 - Saved image 18112.jpg
2025-07-11 14:57:34.517 | INFO     | __main__:_process_message:66 - Saved image 18111.jpg
2025-07-11 14:57:36.143 | INFO     | __main__:_process_message:66 - Saved image 18110.jpg
2025-07-11 14:57:37.068 | INFO     | __main__:_process_message:66 - Saved image 18109.jpg
2025-07-11 14:57:38.102 | INFO     | __main__:_process_message:66 - Saved image 18108.jpg
2025-07-11 14:57:39.214 | INFO     | __main__:_process_message:66 - Saved image 18107.jpg
2025-07-11 14:57:40.743 | INFO     | __main__:_process_message:66 - Saved image 18106.jpg
2025-07-11 14:57:41.973 | INFO     | __main__:_process_message:66 - Saved image 18105.jpg
2025-07-11 14:57:42.710 | INFO     | __main__:_process_message:66 - Saved image 18104.jpg
2025-07-11 14:57:43.507 | INFO     | __main__:_process_message:66 - Saved image 18103.jpg
2025-07-11 14:57:44.851 | INFO     | __main__:_process_message:66 - Saved image 18102.jpg
2025-07-11 14:57:45.643 | INFO     | __main__:_process_message:66 - Saved image 18101.jpg
2025-07-11 14:57:46.370 | INFO     | __main__:_process_message:66 - Saved image 18100.jpg
2025-07-11 14:57:47.107 | INFO     | __main__:_process_message:66 - Saved image 18099.jpg
2025-07-11 14:57:48.179 | INFO     | __main__:_process_message:66 - Saved image 18098.jpg
2025-07-11 14:57:50.200 | INFO     | __main__:_process_message:66 - Saved image 18097.jpg
2025-07-11 14:57:52.032 | INFO     | __main__:_process_message:66 - Saved image 18096.jpg
2025-07-11 14:57:53.681 | INFO     | __main__:_process_message:66 - Saved image 18095.jpg
2025-07-11 14:57:55.480 | INFO     | __main__:_process_message:66 - Saved image 18094.jpg
2025-07-11 14:57:57.685 | INFO     | __main__:_process_message:66 - Saved image 18093.jpg
2025-07-11 14:57:59.620 | INFO     | __main__:_process_message:66 - Saved image 18092.jpg
2025-07-11 14:58:00.386 | INFO     | __main__:_process_message:66 - Saved image 18091.jpg
2025-07-11 14:58:01.235 | INFO     | __main__:_process_message:66 - Saved image 18090.jpg
2025-07-11 14:58:02.331 | INFO     | __main__:_process_message:66 - Saved image 18089.jpg
2025-07-11 14:58:03.275 | INFO     | __main__:_process_message:66 - Saved image 18088.jpg
2025-07-11 14:58:04.164 | INFO     | __main__:_process_message:66 - Saved image 18087.jpg
2025-07-11 14:58:05.291 | INFO     | __main__:_process_message:66 - Saved image 18086.jpg
2025-07-11 14:58:06.781 | INFO     | __main__:_process_message:66 - Saved image 18085.jpg
2025-07-11 14:58:10.185 | INFO     | __main__:_process_message:66 - Saved image 18084.jpg
2025-07-11 14:58:13.775 | INFO     | __main__:_process_message:66 - Saved image 18083.jpg
2025-07-11 14:58:16.273 | INFO     | __main__:_process_message:66 - Saved image 18082.jpg
2025-07-11 14:58:19.651 | INFO     | __main__:_process_message:66 - Saved image 18081.jpg
2025-07-11 14:58:21.808 | INFO     | __main__:_process_message:66 - Saved image 18080.jpg
2025-07-11 14:58:22.617 | INFO     | __main__:_process_message:66 - Saved image 18079.jpg
2025-07-11 14:58:23.628 | INFO     | __main__:_process_message:66 - Saved image 18078.jpg
2025-07-11 14:58:24.594 | INFO     | __main__:_process_message:66 - Saved image 18077.jpg
2025-07-11 14:58:26.334 | INFO     | __main__:_process_message:66 - Saved image 18075.jpg
2025-07-11 14:58:27.251 | INFO     | __main__:_process_message:66 - Saved image 18074.jpg
2025-07-11 14:58:28.631 | INFO     | __main__:_process_message:66 - Saved image 18073.jpg
2025-07-11 14:58:30.441 | INFO     | __main__:_process_message:66 - Saved image 18072.jpg
2025-07-11 14:58:31.775 | INFO     | __main__:_process_message:66 - Saved image 18071.jpg
2025-07-11 14:58:32.676 | INFO     | __main__:_process_message:66 - Saved image 18070.jpg
2025-07-11 14:58:33.496 | INFO     | __main__:_process_message:66 - Saved image 18069.jpg
2025-07-11 14:58:34.393 | INFO     | __main__:_process_message:66 - Saved image 18068.jpg
2025-07-11 14:58:35.464 | INFO     | __main__:_process_message:66 - Saved image 18067.jpg
2025-07-11 14:58:37.329 | INFO     | __main__:_process_message:66 - Saved image 18066.jpg
2025-07-11 14:58:38.724 | INFO     | __main__:_process_message:66 - Saved image 18065.jpg
2025-07-11 14:58:40.183 | INFO     | __main__:_process_message:66 - Saved image 18064.jpg
2025-07-11 14:58:41.025 | INFO     | __main__:_process_message:66 - Saved image 18063.jpg
2025-07-11 14:58:42.351 | INFO     | __main__:_process_message:66 - Saved image 18062.jpg
2025-07-11 14:58:43.150 | INFO     | __main__:_process_message:66 - Saved image 18061.jpg
2025-07-11 14:58:44.258 | INFO     | __main__:_process_message:66 - Saved image 18060.jpg
2025-07-11 14:58:45.080 | INFO     | __main__:_process_message:66 - Saved image 18059.jpg
2025-07-11 14:58:45.843 | INFO     | __main__:_process_message:66 - Saved image 18058.jpg
2025-07-11 14:58:46.803 | INFO     | __main__:_process_message:66 - Saved image 18057.jpg
2025-07-11 14:58:47.704 | INFO     | __main__:_process_message:66 - Saved image 18055.jpg
2025-07-11 14:58:48.659 | INFO     | __main__:_process_message:66 - Saved image 18054.jpg
2025-07-11 14:58:50.971 | INFO     | __main__:_process_message:66 - Saved image 18053.jpg
2025-07-11 14:58:53.285 | INFO     | __main__:_process_message:66 - Saved image 18052.jpg
2025-07-11 14:58:55.843 | INFO     | __main__:_process_message:66 - Saved image 18051.jpg
2025-07-11 14:58:58.623 | INFO     | __main__:_process_message:66 - Saved image 18050.jpg
2025-07-11 14:58:59.984 | INFO     | __main__:_process_message:66 - Saved image 18049.jpg
2025-07-11 14:59:01.255 | INFO     | __main__:_process_message:66 - Saved image 18048.jpg
2025-07-11 14:59:02.551 | INFO     | __main__:_process_message:66 - Saved image 18047.jpg
2025-07-11 14:59:03.915 | INFO     | __main__:_process_message:66 - Saved image 18046.jpg
2025-07-11 14:59:05.294 | INFO     | __main__:_process_message:66 - Saved image 18045.jpg
2025-07-11 14:59:06.630 | INFO     | __main__:_process_message:66 - Saved image 18044.jpg
2025-07-11 14:59:08.020 | INFO     | __main__:_process_message:66 - Saved image 18043.jpg
2025-07-11 14:59:08.811 | INFO     | __main__:_process_message:66 - Saved image 18042.jpg
2025-07-11 14:59:09.622 | INFO     | __main__:_process_message:66 - Saved image 18041.jpg
2025-07-11 14:59:10.851 | INFO     | __main__:_process_message:66 - Saved image 18040.jpg
2025-07-11 14:59:11.737 | INFO     | __main__:_process_message:66 - Saved image 18039.jpg
2025-07-11 14:59:14.815 | INFO     | __main__:_process_message:66 - Saved image 18038.jpg
2025-07-11 14:59:15.796 | INFO     | __main__:_process_message:66 - Saved image 18037.jpg
2025-07-11 14:59:16.976 | INFO     | __main__:_process_message:66 - Saved image 18036.jpg
2025-07-11 14:59:18.711 | INFO     | __main__:_process_message:66 - Saved image 18035.jpg
2025-07-11 14:59:19.821 | INFO     | __main__:_process_message:66 - Saved image 18034.jpg
2025-07-11 14:59:22.920 | INFO     | __main__:_process_message:66 - Saved image 18033.jpg
2025-07-11 14:59:26.336 | INFO     | __main__:_process_message:66 - Saved image 18032.jpg
2025-07-11 14:59:27.924 | INFO     | __main__:_process_message:66 - Saved image 18031.jpg
2025-07-11 14:59:31.433 | INFO     | __main__:_process_message:66 - Saved image 18030.jpg
2025-07-11 14:59:32.858 | INFO     | __main__:_process_message:66 - Saved image 18029.jpg
2025-07-11 14:59:34.032 | INFO     | __main__:_process_message:66 - Saved image 18028.jpg
2025-07-11 14:59:35.157 | INFO     | __main__:_process_message:66 - Saved image 18027.jpg
2025-07-11 14:59:36.346 | INFO     | __main__:_process_message:66 - Saved image 18026.jpg
2025-07-11 14:59:38.101 | INFO     | __main__:_process_message:66 - Saved image 18025.jpg
2025-07-11 14:59:40.777 | INFO     | __main__:_process_message:66 - Saved image 18024.jpg
2025-07-11 14:59:42.252 | INFO     | __main__:_process_message:66 - Saved image 18023.jpg
2025-07-11 14:59:43.466 | INFO     | __main__:_process_message:66 - Saved image 18022.jpg
2025-07-11 14:59:45.330 | INFO     | __main__:_process_message:66 - Saved image 18020.jpg
2025-07-11 14:59:47.517 | INFO     | __main__:_process_message:66 - Saved image 18019.jpg
2025-07-11 14:59:49.345 | INFO     | __main__:_process_message:66 - Saved image 18018.jpg
2025-07-11 14:59:50.352 | INFO     | __main__:_process_message:66 - Saved image 18017.jpg
2025-07-11 14:59:51.956 | INFO     | __main__:_process_message:66 - Saved image 18016.jpg
2025-07-11 14:59:53.469 | INFO     | __main__:_process_message:66 - Saved image 18015.jpg
2025-07-11 14:59:54.577 | INFO     | __main__:_process_message:66 - Saved image 18014.jpg
2025-07-11 14:59:55.761 | INFO     | __main__:_process_message:66 - Saved image 18013.jpg
2025-07-11 14:59:57.181 | INFO     | __main__:_process_message:66 - Saved image 18012.jpg
2025-07-11 14:59:59.027 | INFO     | __main__:_process_message:66 - Saved image 18011.jpg
2025-07-11 15:00:00.997 | INFO     | __main__:_process_message:66 - Saved image 18010.jpg
2025-07-11 15:00:02.461 | INFO     | __main__:_process_message:66 - Saved image 18009.jpg
2025-07-11 15:00:04.095 | INFO     | __main__:_process_message:66 - Saved image 18008.jpg
2025-07-11 15:00:05.047 | INFO     | __main__:_process_message:66 - Saved image 18007.jpg
2025-07-11 15:00:06.517 | INFO     | __main__:_process_message:66 - Saved image 18006.jpg
2025-07-11 15:00:07.762 | INFO     | __main__:_process_message:66 - Saved image 18005.jpg
2025-07-11 15:00:08.707 | INFO     | __main__:_process_message:66 - Saved image 18004.jpg
2025-07-11 15:00:09.667 | INFO     | __main__:_process_message:66 - Saved image 18003.jpg
2025-07-11 15:00:10.597 | INFO     | __main__:_process_message:66 - Saved image 18002.jpg
2025-07-11 15:00:11.717 | INFO     | __main__:_process_message:66 - Saved image 18001.jpg
2025-07-11 15:00:15.887 | INFO     | __main__:_process_message:66 - Saved image 18000.jpg
2025-07-11 15:00:17.390 | INFO     | __main__:_process_message:66 - Saved image 17999.jpg
2025-07-11 15:00:19.507 | INFO     | __main__:_process_message:66 - Saved image 17998.jpg
2025-07-11 15:00:20.717 | INFO     | __main__:_process_message:66 - Saved image 17997.jpg
2025-07-11 15:00:22.075 | INFO     | __main__:_process_message:66 - Saved image 17996.jpg
2025-07-11 15:00:25.112 | INFO     | __main__:_process_message:66 - Saved image 17995.jpg
2025-07-11 15:00:26.277 | INFO     | __main__:_process_message:66 - Saved image 17994.jpg
2025-07-11 15:00:27.862 | INFO     | __main__:_process_message:66 - Saved image 17993.jpg
2025-07-11 15:00:30.007 | INFO     | __main__:_process_message:66 - Saved image 17992.jpg
2025-07-11 15:00:31.775 | INFO     | __main__:_process_message:66 - Saved image 17991.jpg
2025-07-11 15:00:33.318 | INFO     | __main__:_process_message:66 - Saved image 17990.jpg
2025-07-11 15:00:35.246 | INFO     | __main__:_process_message:66 - Saved image 17989.jpg
2025-07-11 15:00:37.344 | INFO     | __main__:_process_message:66 - Saved image 17988.jpg
2025-07-11 15:00:39.357 | INFO     | __main__:_process_message:66 - Saved image 17987.jpg
2025-07-11 15:00:41.407 | INFO     | __main__:_process_message:66 - Saved image 17986.jpg
2025-07-11 15:00:43.370 | INFO     | __main__:_process_message:66 - Saved image 17985.jpg
2025-07-11 15:00:45.497 | INFO     | __main__:_process_message:66 - Saved image 17984.jpg
2025-07-11 15:00:47.322 | INFO     | __main__:_process_message:66 - Saved image 17983.jpg
2025-07-11 15:00:48.147 | INFO     | __main__:_process_message:66 - Saved image 17982.jpg
2025-07-11 15:00:49.367 | INFO     | __main__:_process_message:66 - Saved image 17981.jpg
2025-07-11 15:00:50.681 | INFO     | __main__:_process_message:66 - Saved image 17980.jpg
2025-07-11 15:00:51.990 | INFO     | __main__:_process_message:66 - Saved image 17979.jpg
2025-07-11 15:00:53.129 | INFO     | __main__:_process_message:66 - Saved image 17978.jpg
2025-07-11 15:00:54.709 | INFO     | __main__:_process_message:66 - Saved image 17977.jpg
2025-07-11 15:00:58.727 | INFO     | __main__:_process_message:66 - Saved image 17976.jpg
2025-07-11 15:00:59.897 | INFO     | __main__:_process_message:66 - Saved image 17975.jpg
2025-07-11 15:01:01.028 | INFO     | __main__:_process_message:66 - Saved image 17974.jpg
2025-07-11 15:01:03.137 | INFO     | __main__:_process_message:66 - Saved image 17973.jpg
2025-07-11 15:01:05.527 | INFO     | __main__:_process_message:66 - Saved image 17972.jpg
2025-07-11 15:01:09.072 | INFO     | __main__:_process_message:66 - Saved image 17971.jpg
2025-07-11 15:01:10.387 | INFO     | __main__:_process_message:66 - Saved image 17970.jpg
2025-07-11 15:01:11.407 | INFO     | __main__:_process_message:66 - Saved image 17969.jpg
2025-07-11 15:01:12.881 | INFO     | __main__:_process_message:66 - Saved image 17968.jpg
2025-07-11 15:01:14.830 | INFO     | __main__:_process_message:66 - Saved image 17967.jpg
2025-07-11 15:01:15.561 | INFO     | __main__:_process_message:66 - Saved image 17966.jpg
2025-07-11 15:01:16.902 | INFO     | __main__:_process_message:66 - Saved image 17965.jpg
2025-07-11 15:01:20.817 | INFO     | __main__:_process_message:66 - Saved image 17964.jpg
2025-07-11 15:01:21.767 | INFO     | __main__:_process_message:66 - Saved image 17963.jpg
2025-07-11 15:01:23.067 | INFO     | __main__:_process_message:66 - Saved image 17962.jpg
2025-07-11 15:01:24.254 | INFO     | __main__:_process_message:66 - Saved image 17961.jpg
2025-07-11 15:01:25.557 | INFO     | __main__:_process_message:66 - Saved image 17960.jpg
2025-07-11 15:01:27.137 | INFO     | __main__:_process_message:66 - Saved image 17959.jpg
2025-07-11 15:01:28.976 | INFO     | __main__:_process_message:66 - Saved image 17958.jpg
2025-07-11 15:01:29.847 | INFO     | __main__:_process_message:66 - Saved image 17957.jpg
2025-07-11 15:01:31.687 | INFO     | __main__:_process_message:66 - Saved image 17956.jpg
2025-07-11 15:01:33.071 | INFO     | __main__:_process_message:66 - Saved image 17955.jpg
2025-07-11 15:01:35.657 | INFO     | __main__:_process_message:66 - Saved image 17953.jpg
2025-07-11 15:01:38.017 | INFO     | __main__:_process_message:66 - Saved image 17952.jpg
2025-07-11 15:01:39.442 | INFO     | __main__:_process_message:66 - Saved image 17951.jpg
2025-07-11 15:01:40.607 | INFO     | __main__:_process_message:66 - Saved image 17950.jpg
2025-07-11 15:01:43.173 | INFO     | __main__:_process_message:66 - Saved image 17949.jpg
2025-07-11 15:01:44.255 | INFO     | __main__:_process_message:66 - Saved image 17948.jpg
2025-07-11 15:01:45.277 | INFO     | __main__:_process_message:66 - Saved image 17947.jpg
2025-07-11 15:01:49.967 | INFO     | __main__:_process_message:66 - Saved image 17946.jpg
2025-07-11 15:01:51.229 | INFO     | __main__:_process_message:66 - Saved image 17945.jpg
2025-07-11 15:01:53.701 | INFO     | __main__:_process_message:66 - Saved image 17944.jpg
2025-07-11 15:01:55.365 | INFO     | __main__:_process_message:66 - Saved image 17943.jpg
2025-07-11 15:01:58.058 | INFO     | __main__:_process_message:66 - Saved image 17942.jpg
2025-07-11 15:01:59.070 | INFO     | __main__:_process_message:66 - Saved image 17941.jpg
2025-07-11 15:02:01.647 | INFO     | __main__:_process_message:66 - Saved image 17940.jpg
2025-07-11 15:02:02.887 | INFO     | __main__:_process_message:66 - Saved image 17939.jpg
2025-07-11 15:02:04.887 | INFO     | __main__:_process_message:66 - Saved image 17938.jpg
2025-07-11 15:02:06.058 | INFO     | __main__:_process_message:66 - Saved image 17937.jpg
2025-07-11 15:02:08.880 | INFO     | __main__:_process_message:66 - Saved image 17936.jpg
2025-07-11 15:02:11.582 | INFO     | __main__:_process_message:66 - Saved image 17935.jpg
2025-07-11 15:02:14.215 | INFO     | __main__:_process_message:66 - Saved image 17934.jpg
2025-07-11 15:02:17.472 | INFO     | __main__:_process_message:66 - Saved image 17933.jpg
2025-07-11 15:02:19.892 | INFO     | __main__:_process_message:66 - Saved image 17932.jpg
2025-07-11 15:02:21.882 | INFO     | __main__:_process_message:66 - Saved image 17931.jpg
2025-07-11 15:02:23.567 | INFO     | __main__:_process_message:66 - Saved image 17930.jpg
2025-07-11 15:02:27.217 | INFO     | __main__:_process_message:66 - Saved image 17929.jpg
2025-07-11 15:02:28.343 | INFO     | __main__:_process_message:66 - Saved image 17928.jpg
2025-07-11 15:02:30.337 | INFO     | __main__:_process_message:66 - Saved image 17927.jpg
2025-07-11 15:02:33.503 | INFO     | __main__:_process_message:66 - Saved image 17926.jpg
2025-07-11 15:02:34.477 | INFO     | __main__:_process_message:66 - Saved image 17925.jpg
2025-07-11 15:02:36.357 | INFO     | __main__:_process_message:66 - Saved image 17924.jpg
2025-07-11 15:02:37.464 | INFO     | __main__:_process_message:66 - Saved image 17923.jpg
2025-07-11 15:02:38.512 | INFO     | __main__:_process_message:66 - Saved image 17922.jpg
2025-07-11 15:02:41.223 | INFO     | __main__:_process_message:66 - Saved image 17921.jpg
2025-07-11 15:02:42.144 | INFO     | __main__:_process_message:66 - Saved image 17920.jpg
2025-07-11 15:02:44.497 | INFO     | __main__:_process_message:66 - Saved image 17919.jpg
2025-07-11 15:02:47.115 | INFO     | __main__:_process_message:66 - Saved image 17918.jpg
2025-07-11 15:02:49.743 | INFO     | __main__:_process_message:66 - Saved image 17917.jpg
2025-07-11 15:02:53.417 | INFO     | __main__:_process_message:66 - Saved image 17916.jpg
2025-07-11 15:02:56.424 | INFO     | __main__:_process_message:66 - Saved image 17915.jpg
2025-07-11 15:03:01.199 | INFO     | __main__:_process_message:66 - Saved image 17914.jpg
2025-07-11 15:03:02.324 | INFO     | __main__:_process_message:66 - Saved image 17913.jpg
2025-07-11 15:03:03.916 | INFO     | __main__:_process_message:66 - Saved image 17912.jpg
2025-07-11 15:03:05.278 | INFO     | __main__:_process_message:66 - Saved image 17911.jpg
2025-07-11 15:03:06.400 | INFO     | __main__:_process_message:66 - Saved image 17910.jpg
2025-07-11 15:03:09.467 | INFO     | __main__:_process_message:66 - Saved image 17909.jpg
2025-07-11 15:03:10.436 | INFO     | __main__:_process_message:66 - Saved image 17908.jpg
2025-07-11 15:03:12.097 | INFO     | __main__:_process_message:66 - Saved image 17907.jpg
2025-07-11 15:03:13.147 | INFO     | __main__:_process_message:66 - Saved image 17906.jpg
2025-07-11 15:03:14.223 | INFO     | __main__:_process_message:66 - Saved image 17905.jpg
2025-07-11 15:03:15.297 | INFO     | __main__:_process_message:66 - Saved image 17904.jpg
2025-07-11 15:03:16.367 | INFO     | __main__:_process_message:66 - Saved image 17903.jpg
2025-07-11 15:03:17.667 | INFO     | __main__:_process_message:66 - Saved image 17902.jpg
2025-07-11 15:03:18.731 | INFO     | __main__:_process_message:66 - Saved image 17901.jpg
2025-07-11 15:03:21.752 | INFO     | __main__:_process_message:66 - Saved image 17900.jpg
2025-07-11 15:03:23.327 | INFO     | __main__:_process_message:66 - Saved image 17899.jpg
2025-07-11 15:03:28.542 | INFO     | __main__:_process_message:66 - Saved image 17898.jpg
2025-07-11 15:03:30.798 | INFO     | __main__:_process_message:66 - Saved image 17897.jpg
2025-07-11 15:03:31.860 | INFO     | __main__:_process_message:66 - Saved image 17896.jpg
2025-07-11 15:03:33.627 | INFO     | __main__:_process_message:66 - Saved image 17895.jpg
2025-07-11 15:03:34.537 | INFO     | __main__:_process_message:66 - Saved image 17894.jpg
2025-07-11 15:03:35.667 | INFO     | __main__:_process_message:66 - Saved image 17893.jpg
2025-07-11 15:03:37.364 | INFO     | __main__:_process_message:66 - Saved image 17892.jpg
2025-07-11 15:03:39.213 | INFO     | __main__:_process_message:66 - Saved image 17891.jpg
2025-07-11 15:03:40.388 | INFO     | __main__:_process_message:66 - Saved image 17890.jpg
2025-07-11 15:03:41.454 | INFO     | __main__:_process_message:66 - Saved image 17889.jpg
2025-07-11 15:03:42.587 | INFO     | __main__:_process_message:66 - Saved image 17888.jpg
2025-07-11 15:03:43.540 | INFO     | __main__:_process_message:66 - Saved image 17887.jpg
2025-07-11 15:03:44.507 | INFO     | __main__:_process_message:66 - Saved image 17886.jpg
2025-07-11 15:03:45.402 | INFO     | __main__:_process_message:66 - Saved image 17885.jpg
2025-07-11 15:03:46.577 | INFO     | __main__:_process_message:66 - Saved image 17884.jpg
2025-07-11 15:03:47.547 | INFO     | __main__:_process_message:66 - Saved image 17883.jpg
2025-07-11 15:03:49.067 | INFO     | __main__:_process_message:66 - Saved image 17882.jpg
2025-07-11 15:03:50.140 | INFO     | __main__:_process_message:66 - Saved image 17881.jpg
2025-07-11 15:03:50.947 | INFO     | __main__:_process_message:66 - Saved image 17880.jpg
2025-07-11 15:03:51.987 | INFO     | __main__:_process_message:66 - Saved image 17879.jpg
2025-07-11 15:03:52.912 | INFO     | __main__:_process_message:66 - Saved image 17878.jpg
2025-07-11 15:03:54.925 | INFO     | __main__:_process_message:66 - Saved image 17877.jpg
2025-07-11 15:03:55.797 | INFO     | __main__:_process_message:66 - Saved image 17876.jpg
2025-07-11 15:03:56.817 | INFO     | __main__:_process_message:66 - Saved image 17875.jpg
2025-07-11 15:03:58.209 | INFO     | __main__:_process_message:66 - Saved image 17874.jpg
2025-07-11 15:03:59.267 | INFO     | __main__:_process_message:66 - Saved image 17873.jpg
2025-07-11 15:04:01.284 | INFO     | __main__:_process_message:66 - Saved image 17872.jpg
2025-07-11 15:04:02.097 | INFO     | __main__:_process_message:66 - Saved image 17871.jpg
2025-07-11 15:04:02.990 | INFO     | __main__:_process_message:66 - Saved image 17870.jpg
2025-07-11 15:04:04.057 | INFO     | __main__:_process_message:66 - Saved image 17869.jpg
2025-07-11 15:04:05.812 | INFO     | __main__:_process_message:66 - Saved image 17868.jpg
2025-07-11 15:04:07.276 | INFO     | __main__:_process_message:66 - Saved image 17867.jpg
2025-07-11 15:04:08.177 | INFO     | __main__:_process_message:66 - Saved image 17866.jpg
2025-07-11 15:04:08.956 | INFO     | __main__:_process_message:66 - Saved image 17865.jpg
2025-07-11 15:04:09.687 | INFO     | __main__:_process_message:66 - Saved image 17864.jpg
2025-07-11 15:04:10.414 | INFO     | __main__:_process_message:66 - Saved image 17863.jpg
2025-07-11 15:04:11.342 | INFO     | __main__:_process_message:66 - Saved image 17862.jpg
2025-07-11 15:04:13.277 | INFO     | __main__:_process_message:66 - Saved image 17861.jpg
2025-07-11 15:04:14.297 | INFO     | __main__:_process_message:66 - Saved image 17860.jpg
2025-07-11 15:04:15.914 | INFO     | __main__:_process_message:66 - Saved image 17859.jpg
2025-07-11 15:04:16.827 | INFO     | __main__:_process_message:66 - Saved image 17858.jpg
2025-07-11 15:04:17.769 | INFO     | __main__:_process_message:66 - Saved image 17857.jpg
2025-07-11 15:04:18.858 | INFO     | __main__:_process_message:66 - Saved image 17856.jpg
2025-07-11 15:04:19.693 | INFO     | __main__:_process_message:66 - Saved image 17855.jpg
2025-07-11 15:04:20.934 | INFO     | __main__:_process_message:66 - Saved image 17854.jpg
2025-07-11 15:04:23.107 | INFO     | __main__:_process_message:66 - Saved image 17853.jpg
2025-07-11 15:04:23.940 | INFO     | __main__:_process_message:66 - Saved image 17852.jpg
2025-07-11 15:04:24.869 | INFO     | __main__:_process_message:66 - Saved image 17851.jpg
2025-07-11 15:04:28.647 | INFO     | __main__:_process_message:66 - Saved image 17850.jpg
2025-07-11 15:04:29.684 | INFO     | __main__:_process_message:66 - Saved image 17849.jpg
2025-07-11 15:04:32.517 | INFO     | __main__:_process_message:66 - Saved image 17848.jpg
2025-07-11 15:04:34.240 | INFO     | __main__:_process_message:66 - Saved image 17847.jpg
2025-07-11 15:04:36.867 | INFO     | __main__:_process_message:66 - Saved image 17846.jpg
2025-07-11 15:04:38.108 | INFO     | __main__:_process_message:66 - Saved image 17845.jpg
2025-07-11 15:04:39.157 | INFO     | __main__:_process_message:66 - Saved image 17844.jpg
2025-07-11 15:04:41.587 | INFO     | __main__:_process_message:66 - Saved image 17843.jpg
2025-07-11 15:04:42.366 | INFO     | __main__:_process_message:66 - Saved image 17842.jpg
2025-07-11 15:04:43.215 | INFO     | __main__:_process_message:66 - Saved image 17841.jpg
2025-07-11 15:04:44.222 | INFO     | __main__:_process_message:66 - Saved image 17840.jpg
2025-07-11 15:04:45.077 | INFO     | __main__:_process_message:66 - Saved image 17839.jpg
2025-07-11 15:04:46.766 | INFO     | __main__:_process_message:66 - Saved image 17838.jpg
2025-07-11 15:04:48.398 | INFO     | __main__:_process_message:66 - Saved image 17837.jpg
2025-07-11 15:04:49.674 | INFO     | __main__:_process_message:66 - Saved image 17836.jpg
2025-07-11 15:04:51.412 | INFO     | __main__:_process_message:66 - Saved image 17835.jpg
2025-07-11 15:04:52.571 | INFO     | __main__:_process_message:66 - Saved image 17834.jpg
2025-07-11 15:04:53.888 | INFO     | __main__:_process_message:66 - Saved image 17833.jpg
2025-07-11 15:04:55.102 | INFO     | __main__:_process_message:66 - Saved image 17832.jpg
2025-07-11 15:04:56.617 | INFO     | __main__:_process_message:66 - Saved image 17831.jpg
2025-07-11 15:04:59.819 | INFO     | __main__:_process_message:66 - Saved image 17830.jpg
2025-07-11 15:05:00.787 | INFO     | __main__:_process_message:66 - Saved image 17829.jpg
2025-07-11 15:05:02.282 | INFO     | __main__:_process_message:66 - Saved image 17828.jpg
2025-07-11 15:05:03.437 | INFO     | __main__:_process_message:66 - Saved image 17827.jpg
2025-07-11 15:05:04.767 | INFO     | __main__:_process_message:66 - Saved image 17826.jpg
2025-07-11 15:05:07.627 | INFO     | __main__:_process_message:66 - Saved image 17825.jpg
2025-07-11 15:05:08.637 | INFO     | __main__:_process_message:66 - Saved image 17824.jpg
2025-07-11 15:05:10.347 | INFO     | __main__:_process_message:66 - Saved image 17823.jpg
2025-07-11 15:05:11.313 | INFO     | __main__:_process_message:66 - Saved image 17822.jpg
2025-07-11 15:05:14.378 | INFO     | __main__:_process_message:66 - Saved image 17821.jpg
2025-07-11 15:05:15.527 | INFO     | __main__:_process_message:66 - Saved image 17820.jpg
2025-07-11 15:05:16.507 | INFO     | __main__:_process_message:66 - Saved image 17819.jpg
2025-07-11 15:05:17.648 | INFO     | __main__:_process_message:66 - Saved image 17818.jpg
2025-07-11 15:05:21.147 | INFO     | __main__:_process_message:66 - Saved image 17817.jpg
2025-07-11 15:05:22.622 | INFO     | __main__:_process_message:66 - Saved image 17816.jpg
2025-07-11 15:05:25.688 | INFO     | __main__:_process_message:66 - Saved image 17815.jpg
2025-07-11 15:05:27.741 | INFO     | __main__:_process_message:66 - Saved image 17814.jpg
2025-07-11 15:05:28.546 | INFO     | __main__:_process_message:66 - Saved image 17813.jpg
2025-07-11 15:05:29.582 | INFO     | __main__:_process_message:66 - Saved image 17812.jpg
2025-07-11 15:05:30.782 | INFO     | __main__:_process_message:66 - Saved image 17811.jpg
2025-07-11 15:05:33.077 | INFO     | __main__:_process_message:66 - Saved image 17810.jpg
2025-07-11 15:05:33.939 | INFO     | __main__:_process_message:66 - Saved image 17809.jpg
2025-07-11 15:05:34.853 | INFO     | __main__:_process_message:66 - Saved image 17808.jpg
2025-07-11 15:05:36.483 | INFO     | __main__:_process_message:66 - Saved image 17807.jpg
2025-07-11 15:05:37.437 | INFO     | __main__:_process_message:66 - Saved image 17806.jpg
2025-07-11 15:05:39.697 | INFO     | __main__:_process_message:66 - Saved image 17804.jpg
2025-07-11 15:05:41.500 | INFO     | __main__:_process_message:66 - Saved image 17803.jpg
2025-07-11 15:05:42.577 | INFO     | __main__:_process_message:66 - Saved image 17802.jpg
2025-07-11 15:05:44.587 | INFO     | __main__:_process_message:66 - Saved image 17801.jpg
2025-07-11 15:05:46.262 | INFO     | __main__:_process_message:66 - Saved image 17800.jpg
2025-07-11 15:05:47.858 | INFO     | __main__:_process_message:66 - Saved image 17799.jpg
2025-07-11 15:05:48.708 | INFO     | __main__:_process_message:66 - Saved image 17798.jpg
2025-07-11 15:05:50.511 | INFO     | __main__:_process_message:66 - Saved image 17797.jpg
2025-07-11 15:05:51.677 | INFO     | __main__:_process_message:66 - Saved image 17796.jpg
2025-07-11 15:05:54.652 | INFO     | __main__:_process_message:66 - Saved image 17795.jpg
2025-07-11 15:05:55.617 | INFO     | __main__:_process_message:66 - Saved image 17794.jpg
2025-07-11 15:05:57.017 | INFO     | __main__:_process_message:66 - Saved image 17793.jpg
2025-07-11 15:05:57.994 | INFO     | __main__:_process_message:66 - Saved image 17792.jpg
2025-07-11 15:05:59.857 | INFO     | __main__:_process_message:66 - Saved image 17791.jpg
2025-07-11 15:06:02.338 | INFO     | __main__:_process_message:66 - Saved image 17789.jpg
2025-07-11 15:06:04.690 | INFO     | __main__:_process_message:66 - Saved image 17788.jpg
2025-07-11 15:06:06.557 | INFO     | __main__:_process_message:66 - Saved image 17787.jpg
2025-07-11 15:06:08.479 | INFO     | __main__:_process_message:66 - Saved image 17786.jpg
2025-07-11 15:06:09.339 | INFO     | __main__:_process_message:66 - Saved image 17785.jpg
2025-07-11 15:06:10.317 | INFO     | __main__:_process_message:66 - Saved image 17784.jpg
2025-07-11 15:06:11.946 | INFO     | __main__:_process_message:66 - Saved image 17783.jpg
2025-07-11 15:06:12.907 | INFO     | __main__:_process_message:66 - Saved image 17782.jpg
2025-07-11 15:06:13.912 | INFO     | __main__:_process_message:66 - Saved image 17781.jpg
2025-07-11 15:06:15.167 | INFO     | __main__:_process_message:66 - Saved image 17780.jpg
2025-07-11 15:06:17.574 | INFO     | __main__:_process_message:66 - Saved image 17779.jpg
2025-07-11 15:06:19.839 | INFO     | __main__:_process_message:66 - Saved image 17778.jpg
2025-07-11 15:06:22.119 | INFO     | __main__:_process_message:66 - Saved image 17777.jpg
2025-07-11 15:06:24.119 | INFO     | __main__:_process_message:66 - Saved image 17776.jpg
2025-07-11 15:06:25.832 | INFO     | __main__:_process_message:66 - Saved image 17775.jpg
2025-07-11 15:06:27.349 | INFO     | __main__:_process_message:66 - Saved image 17774.jpg
2025-07-11 15:06:29.237 | INFO     | __main__:_process_message:66 - Saved image 17773.jpg
2025-07-11 15:06:31.139 | INFO     | __main__:_process_message:66 - Saved image 17772.jpg
2025-07-11 15:06:33.128 | INFO     | __main__:_process_message:66 - Saved image 17771.jpg
2025-07-11 15:06:35.264 | INFO     | __main__:_process_message:66 - Saved image 17770.jpg
2025-07-11 15:06:36.972 | INFO     | __main__:_process_message:66 - Saved image 17769.jpg
2025-07-11 15:06:37.917 | INFO     | __main__:_process_message:66 - Saved image 17768.jpg
2025-07-11 15:06:39.723 | INFO     | __main__:_process_message:66 - Saved image 17767.jpg
2025-07-11 15:06:43.242 | INFO     | __main__:_process_message:66 - Saved image 17766.jpg
2025-07-11 15:06:45.069 | INFO     | __main__:_process_message:66 - Saved image 17765.jpg
2025-07-11 15:06:46.379 | INFO     | __main__:_process_message:66 - Saved image 17764.jpg
2025-07-11 15:06:47.277 | INFO     | __main__:_process_message:66 - Saved image 17763.jpg
2025-07-11 15:06:49.821 | INFO     | __main__:_process_message:66 - Saved image 17762.jpg
2025-07-11 15:06:51.157 | INFO     | __main__:_process_message:66 - Saved image 17761.jpg
2025-07-11 15:06:54.196 | INFO     | __main__:_process_message:66 - Saved image 17760.jpg
2025-07-11 15:06:55.400 | INFO     | __main__:_process_message:66 - Saved image 17759.jpg
2025-07-11 15:06:56.467 | INFO     | __main__:_process_message:66 - Saved image 17758.jpg
2025-07-11 15:06:57.433 | INFO     | __main__:_process_message:66 - Saved image 17757.jpg
2025-07-11 15:06:58.677 | INFO     | __main__:_process_message:66 - Saved image 17756.jpg
2025-07-11 15:07:01.037 | INFO     | __main__:_process_message:66 - Saved image 17755.jpg
2025-07-11 15:07:03.315 | INFO     | __main__:_process_message:66 - Saved image 17754.jpg
2025-07-11 15:07:04.188 | INFO     | __main__:_process_message:66 - Saved image 17753.jpg
2025-07-11 15:07:05.297 | INFO     | __main__:_process_message:66 - Saved image 17752.jpg
2025-07-11 15:07:06.156 | INFO     | __main__:_process_message:66 - Saved image 17751.jpg
2025-07-11 15:07:07.298 | INFO     | __main__:_process_message:66 - Saved image 17750.jpg
2025-07-11 15:07:08.617 | INFO     | __main__:_process_message:66 - Saved image 17749.jpg
2025-07-11 15:07:09.759 | INFO     | __main__:_process_message:66 - Saved image 17748.jpg
2025-07-11 15:07:13.055 | INFO     | __main__:_process_message:66 - Saved image 17747.jpg
2025-07-11 15:07:14.813 | INFO     | __main__:_process_message:66 - Saved image 17746.jpg
2025-07-11 15:07:19.881 | INFO     | __main__:_process_message:66 - Saved image 17745.jpg
2025-07-11 15:07:21.196 | INFO     | __main__:_process_message:66 - Saved image 17744.jpg
2025-07-11 15:07:21.967 | INFO     | __main__:_process_message:66 - Saved image 17743.jpg
2025-07-11 15:07:22.997 | INFO     | __main__:_process_message:66 - Saved image 17742.jpg
2025-07-11 15:07:24.404 | INFO     | __main__:_process_message:66 - Saved image 17741.jpg
2025-07-11 15:07:26.246 | INFO     | __main__:_process_message:66 - Saved image 17740.jpg
2025-07-11 15:07:27.177 | INFO     | __main__:_process_message:66 - Saved image 17739.jpg
2025-07-11 15:07:29.328 | INFO     | __main__:_process_message:66 - Saved image 17738.jpg
2025-07-11 15:07:31.853 | INFO     | __main__:_process_message:66 - Saved image 17737.jpg
2025-07-11 15:07:34.126 | INFO     | __main__:_process_message:66 - Saved image 17736.jpg
2025-07-11 15:07:36.137 | INFO     | __main__:_process_message:66 - Saved image 17735.jpg
2025-07-11 15:07:38.157 | INFO     | __main__:_process_message:66 - Saved image 17734.jpg
2025-07-11 15:07:39.807 | INFO     | __main__:_process_message:66 - Saved image 17733.jpg
2025-07-11 15:07:41.219 | INFO     | __main__:_process_message:66 - Saved image 17732.jpg
2025-07-11 15:07:43.988 | INFO     | __main__:_process_message:66 - Saved image 17731.jpg
2025-07-11 15:07:45.179 | INFO     | __main__:_process_message:66 - Saved image 17730.jpg
2025-07-11 15:07:46.787 | INFO     | __main__:_process_message:66 - Saved image 17729.jpg
2025-07-11 15:07:49.082 | INFO     | __main__:_process_message:66 - Saved image 17728.jpg
2025-07-11 15:07:51.617 | INFO     | __main__:_process_message:66 - Saved image 17727.jpg
2025-07-11 15:07:56.319 | INFO     | __main__:_process_message:66 - Saved image 17726.jpg
2025-07-11 15:07:58.387 | INFO     | __main__:_process_message:66 - Saved image 17725.jpg
2025-07-11 15:07:59.687 | INFO     | __main__:_process_message:66 - Saved image 17724.jpg
2025-07-11 15:08:01.667 | INFO     | __main__:_process_message:66 - Saved image 17723.jpg
2025-07-11 15:08:03.968 | INFO     | __main__:_process_message:66 - Saved image 17722.jpg
2025-07-11 15:08:05.497 | INFO     | __main__:_process_message:66 - Saved image 17721.jpg
2025-07-11 15:08:08.342 | INFO     | __main__:_process_message:66 - Saved image 17720.jpg
2025-07-11 15:08:09.337 | INFO     | __main__:_process_message:66 - Saved image 17719.jpg
2025-07-11 15:08:10.587 | INFO     | __main__:_process_message:66 - Saved image 17718.jpg
2025-07-11 15:08:11.504 | INFO     | __main__:_process_message:66 - Saved image 17717.jpg
2025-07-11 15:08:13.253 | INFO     | __main__:_process_message:66 - Saved image 17716.jpg
2025-07-11 15:08:14.137 | INFO     | __main__:_process_message:66 - Saved image 17715.jpg
2025-07-11 15:08:15.107 | INFO     | __main__:_process_message:66 - Saved image 17714.jpg
2025-07-11 15:08:18.558 | INFO     | __main__:_process_message:66 - Saved image 17713.jpg
2025-07-11 15:08:21.137 | INFO     | __main__:_process_message:66 - Saved image 17712.jpg
2025-07-11 15:08:22.846 | INFO     | __main__:_process_message:66 - Saved image 17711.jpg
2025-07-11 15:08:24.152 | INFO     | __main__:_process_message:66 - Saved image 17710.jpg
2025-07-11 15:08:26.612 | INFO     | __main__:_process_message:66 - Saved image 17709.jpg
2025-07-11 15:08:27.507 | INFO     | __main__:_process_message:66 - Saved image 17708.jpg
2025-07-11 15:08:28.470 | INFO     | __main__:_process_message:66 - Saved image 17707.jpg
2025-07-11 15:08:29.707 | INFO     | __main__:_process_message:66 - Saved image 17705.jpg
2025-07-11 15:08:31.867 | INFO     | __main__:_process_message:66 - Saved image 17704.jpg
2025-07-11 15:08:34.428 | INFO     | __main__:_process_message:66 - Saved image 17703.jpg
2025-07-11 15:08:36.897 | INFO     | __main__:_process_message:66 - Saved image 17702.jpg
2025-07-11 15:08:39.948 | INFO     | __main__:_process_message:66 - Saved image 17701.jpg
2025-07-11 15:08:42.442 | INFO     | __main__:_process_message:66 - Saved image 17700.jpg
2025-07-11 15:08:45.207 | INFO     | __main__:_process_message:66 - Saved image 17699.jpg
2025-07-11 15:08:46.408 | INFO     | __main__:_process_message:66 - Saved image 17698.jpg
2025-07-11 15:08:47.547 | INFO     | __main__:_process_message:66 - Saved image 17697.jpg
2025-07-11 15:08:49.263 | INFO     | __main__:_process_message:66 - Saved image 17696.jpg
2025-07-11 15:08:50.295 | INFO     | __main__:_process_message:66 - Saved image 17695.jpg
2025-07-11 15:08:51.272 | INFO     | __main__:_process_message:66 - Saved image 17694.jpg
2025-07-11 15:08:54.182 | INFO     | __main__:_process_message:66 - Saved image 17693.jpg
2025-07-11 15:08:55.518 | INFO     | __main__:_process_message:66 - Saved image 17692.jpg
2025-07-11 15:08:56.587 | INFO     | __main__:_process_message:66 - Saved image 17691.jpg
2025-07-11 15:08:58.485 | INFO     | __main__:_process_message:66 - Saved image 17690.jpg
2025-07-11 15:09:01.706 | INFO     | __main__:_process_message:66 - Saved image 17689.jpg
2025-07-11 15:09:02.707 | INFO     | __main__:_process_message:66 - Saved image 17688.jpg
2025-07-11 15:09:03.931 | INFO     | __main__:_process_message:66 - Saved image 17687.jpg
2025-07-11 15:09:05.697 | INFO     | __main__:_process_message:66 - Saved image 17686.jpg
2025-07-11 15:09:08.222 | INFO     | __main__:_process_message:66 - Saved image 17685.jpg
2025-07-11 15:09:09.227 | INFO     | __main__:_process_message:66 - Saved image 17684.jpg
2025-07-11 15:09:10.927 | INFO     | __main__:_process_message:66 - Saved image 17683.jpg
2025-07-11 15:09:12.130 | INFO     | __main__:_process_message:66 - Saved image 17682.jpg
2025-07-11 15:09:13.147 | INFO     | __main__:_process_message:66 - Saved image 17681.jpg
2025-07-11 15:09:14.040 | INFO     | __main__:_process_message:66 - Saved image 17680.jpg
2025-07-11 15:09:15.293 | INFO     | __main__:_process_message:66 - Saved image 17679.jpg
2025-07-11 15:09:16.203 | INFO     | __main__:_process_message:66 - Saved image 17678.jpg
2025-07-11 15:09:17.307 | INFO     | __main__:_process_message:66 - Saved image 17677.jpg
2025-07-11 15:09:18.287 | INFO     | __main__:_process_message:66 - Saved image 17676.jpg
2025-07-11 15:09:20.107 | INFO     | __main__:_process_message:66 - Saved image 17675.jpg
2025-07-11 15:09:22.051 | INFO     | __main__:_process_message:66 - Saved image 17674.jpg
2025-07-11 15:09:23.942 | INFO     | __main__:_process_message:66 - Saved image 17673.jpg
2025-07-11 15:09:24.832 | INFO     | __main__:_process_message:66 - Saved image 17672.jpg
2025-07-11 15:09:26.037 | INFO     | __main__:_process_message:66 - Saved image 17671.jpg
2025-07-11 15:09:27.467 | INFO     | __main__:_process_message:66 - Saved image 17670.jpg
2025-07-11 15:09:29.127 | INFO     | __main__:_process_message:66 - Saved image 17669.jpg
2025-07-11 15:09:29.967 | INFO     | __main__:_process_message:66 - Saved image 17668.jpg
2025-07-11 15:09:31.567 | INFO     | __main__:_process_message:66 - Saved image 17667.jpg
2025-07-11 15:09:32.647 | INFO     | __main__:_process_message:66 - Saved image 17666.jpg
2025-07-11 15:09:33.447 | INFO     | __main__:_process_message:66 - Saved image 17665.jpg
2025-07-11 15:09:34.300 | INFO     | __main__:_process_message:66 - Saved image 17664.jpg
2025-07-11 15:09:35.347 | INFO     | __main__:_process_message:66 - Saved image 17663.jpg
2025-07-11 15:09:36.917 | INFO     | __main__:_process_message:66 - Saved image 17662.jpg
2025-07-11 15:09:38.507 | INFO     | __main__:_process_message:66 - Saved image 17661.jpg
2025-07-11 15:09:40.527 | INFO     | __main__:_process_message:66 - Saved image 17660.jpg
2025-07-11 15:09:43.486 | INFO     | __main__:_process_message:66 - Saved image 17659.jpg
2025-07-11 15:09:45.977 | INFO     | __main__:_process_message:66 - Saved image 17658.jpg
2025-07-11 15:09:47.427 | INFO     | __main__:_process_message:66 - Saved image 17657.jpg
2025-07-11 15:09:48.599 | INFO     | __main__:_process_message:66 - Saved image 17656.jpg
2025-07-11 15:09:49.337 | INFO     | __main__:_process_message:66 - Saved image 17655.jpg
2025-07-11 15:09:50.577 | INFO     | __main__:_process_message:66 - Saved image 17654.jpg
2025-07-11 15:09:51.317 | INFO     | __main__:_process_message:66 - Saved image 17653.jpg
2025-07-11 15:09:52.207 | INFO     | __main__:_process_message:66 - Saved image 17652.jpg
2025-07-11 15:09:54.357 | INFO     | __main__:_process_message:66 - Saved image 17651.jpg
2025-07-11 15:09:55.278 | INFO     | __main__:_process_message:66 - Saved image 17650.jpg
2025-07-11 15:09:56.427 | INFO     | __main__:_process_message:66 - Saved image 17649.jpg
2025-07-11 15:09:57.252 | INFO     | __main__:_process_message:66 - Saved image 17648.jpg
2025-07-11 15:09:58.217 | INFO     | __main__:_process_message:66 - Saved image 17647.jpg
2025-07-11 15:09:59.142 | INFO     | __main__:_process_message:66 - Saved image 17646.jpg
2025-07-11 15:10:00.077 | INFO     | __main__:_process_message:66 - Saved image 17645.jpg
2025-07-11 15:10:01.917 | INFO     | __main__:_process_message:66 - Saved image 17644.jpg
2025-07-11 15:10:02.912 | INFO     | __main__:_process_message:66 - Saved image 17643.jpg
2025-07-11 15:10:03.933 | INFO     | __main__:_process_message:66 - Saved image 17642.jpg
2025-07-11 15:10:05.114 | INFO     | __main__:_process_message:66 - Saved image 17641.jpg
2025-07-11 15:10:07.098 | INFO     | __main__:_process_message:66 - Saved image 17640.jpg
2025-07-11 15:10:08.941 | INFO     | __main__:_process_message:66 - Saved image 17639.jpg
2025-07-11 15:10:10.402 | INFO     | __main__:_process_message:66 - Saved image 17638.jpg
2025-07-11 15:10:11.993 | INFO     | __main__:_process_message:66 - Saved image 17637.jpg
2025-07-11 15:10:13.152 | INFO     | __main__:_process_message:66 - Saved image 17636.jpg
2025-07-11 15:10:14.687 | INFO     | __main__:_process_message:66 - Saved image 17635.jpg
2025-07-11 15:10:17.247 | INFO     | __main__:_process_message:66 - Saved image 17634.jpg
2025-07-11 15:10:19.087 | INFO     | __main__:_process_message:66 - Saved image 17633.jpg
2025-07-11 15:10:22.185 | INFO     | __main__:_process_message:66 - Saved image 17632.jpg
2025-07-11 15:10:23.434 | INFO     | __main__:_process_message:66 - Saved image 17631.jpg
2025-07-11 15:10:24.665 | INFO     | __main__:_process_message:66 - Saved image 17630.jpg
2025-07-11 15:10:25.726 | INFO     | __main__:_process_message:66 - Saved image 17629.jpg
2025-07-11 15:10:27.095 | INFO     | __main__:_process_message:66 - Saved image 17628.jpg
2025-07-11 15:10:28.046 | INFO     | __main__:_process_message:66 - Saved image 17627.jpg
2025-07-11 15:10:29.721 | INFO     | __main__:_process_message:66 - Saved image 17626.jpg
2025-07-11 15:10:30.620 | INFO     | __main__:_process_message:66 - Saved image 17625.jpg
2025-07-11 15:10:32.430 | INFO     | __main__:_process_message:66 - Saved image 17624.jpg
2025-07-11 15:10:35.428 | INFO     | __main__:_process_message:66 - Saved image 17623.jpg
2025-07-11 15:10:36.386 | INFO     | __main__:_process_message:66 - Saved image 17622.jpg
2025-07-11 15:10:38.503 | INFO     | __main__:_process_message:66 - Saved image 17621.jpg
2025-07-11 15:10:40.763 | INFO     | __main__:_process_message:66 - Saved image 17620.jpg
2025-07-11 15:10:43.431 | INFO     | __main__:_process_message:66 - Saved image 17619.jpg
2025-07-11 15:10:46.717 | INFO     | __main__:_process_message:66 - Saved image 17618.jpg
2025-07-11 15:10:49.437 | INFO     | __main__:_process_message:66 - Saved image 17617.jpg
2025-07-11 15:10:51.917 | INFO     | __main__:_process_message:66 - Saved image 17616.jpg
2025-07-11 15:10:54.720 | INFO     | __main__:_process_message:66 - Saved image 17615.jpg
2025-07-11 15:10:55.698 | INFO     | __main__:_process_message:66 - Saved image 17614.jpg
2025-07-11 15:10:57.887 | INFO     | __main__:_process_message:66 - Saved image 17613.jpg
2025-07-11 15:10:58.745 | INFO     | __main__:_process_message:66 - Saved image 17612.jpg
2025-07-11 15:11:03.514 | INFO     | __main__:_process_message:66 - Saved image 17611.jpg
2025-07-11 15:11:05.195 | INFO     | __main__:_process_message:66 - Saved image 17610.jpg
2025-07-11 15:11:07.492 | INFO     | __main__:_process_message:66 - Saved image 17609.jpg
2025-07-11 15:11:09.197 | INFO     | __main__:_process_message:66 - Saved image 17608.jpg
2025-07-11 15:11:10.427 | INFO     | __main__:_process_message:66 - Saved image 17607.jpg
2025-07-11 15:11:11.397 | INFO     | __main__:_process_message:66 - Saved image 17606.jpg
2025-07-11 15:11:13.147 | INFO     | __main__:_process_message:66 - Saved image 17605.jpg
2025-07-11 15:11:15.667 | INFO     | __main__:_process_message:66 - Saved image 17604.jpg
2025-07-11 15:11:16.771 | INFO     | __main__:_process_message:66 - Saved image 17603.jpg
2025-07-11 15:11:20.867 | INFO     | __main__:_process_message:66 - Saved image 17602.jpg
2025-07-11 15:11:22.997 | INFO     | __main__:_process_message:66 - Saved image 17601.jpg
2025-07-11 15:11:23.949 | INFO     | __main__:_process_message:66 - Saved image 17600.jpg
2025-07-11 15:11:25.288 | INFO     | __main__:_process_message:66 - Saved image 17599.jpg
2025-07-11 15:11:26.480 | INFO     | __main__:_process_message:66 - Saved image 17598.jpg
2025-07-11 15:11:28.765 | INFO     | __main__:_process_message:66 - Saved image 17597.jpg
2025-07-11 15:11:29.678 | INFO     | __main__:_process_message:66 - Saved image 17596.jpg
2025-07-11 15:11:30.782 | INFO     | __main__:_process_message:66 - Saved image 17595.jpg
2025-07-11 15:11:32.267 | INFO     | __main__:_process_message:66 - Saved image 17594.jpg
2025-07-11 15:11:33.930 | INFO     | __main__:_process_message:66 - Saved image 17593.jpg
2025-07-11 15:11:35.767 | INFO     | __main__:_process_message:66 - Saved image 17592.jpg
2025-07-11 15:11:36.728 | INFO     | __main__:_process_message:66 - Saved image 17591.jpg
2025-07-11 15:11:37.779 | INFO     | __main__:_process_message:66 - Saved image 17590.jpg
2025-07-11 15:11:38.818 | INFO     | __main__:_process_message:66 - Saved image 17589.jpg
2025-07-11 15:11:39.687 | INFO     | __main__:_process_message:66 - Saved image 17588.jpg
2025-07-11 15:11:40.702 | INFO     | __main__:_process_message:66 - Saved image 17587.jpg
2025-07-11 15:11:41.777 | INFO     | __main__:_process_message:66 - Saved image 17586.jpg
2025-07-11 15:11:42.877 | INFO     | __main__:_process_message:66 - Saved image 17585.jpg
2025-07-11 15:11:44.517 | INFO     | __main__:_process_message:66 - Saved image 17584.jpg
2025-07-11 15:11:46.395 | INFO     | __main__:_process_message:66 - Saved image 17583.jpg
2025-07-11 15:11:47.692 | INFO     | __main__:_process_message:66 - Saved image 17582.jpg
2025-07-11 15:11:49.361 | INFO     | __main__:_process_message:66 - Saved image 17581.jpg
2025-07-11 15:11:51.153 | INFO     | __main__:_process_message:66 - Saved image 17580.jpg
2025-07-11 15:11:53.657 | INFO     | __main__:_process_message:66 - Saved image 17579.jpg
2025-07-11 15:11:54.754 | INFO     | __main__:_process_message:66 - Saved image 17578.jpg
2025-07-11 15:11:55.783 | INFO     | __main__:_process_message:66 - Saved image 17577.jpg
2025-07-11 15:11:57.607 | INFO     | __main__:_process_message:66 - Saved image 17576.jpg
2025-07-11 15:11:58.720 | INFO     | __main__:_process_message:66 - Saved image 17575.jpg
2025-07-11 15:12:00.090 | INFO     | __main__:_process_message:66 - Saved image 17574.jpg
2025-07-11 15:12:01.707 | INFO     | __main__:_process_message:66 - Saved image 17573.jpg
2025-07-11 15:12:04.251 | INFO     | __main__:_process_message:66 - Saved image 17572.jpg
2025-07-11 15:12:05.787 | INFO     | __main__:_process_message:66 - Saved image 17571.jpg
2025-07-11 15:12:08.497 | INFO     | __main__:_process_message:66 - Saved image 17570.jpg
2025-07-11 15:12:11.168 | INFO     | __main__:_process_message:66 - Saved image 17569.jpg
2025-07-11 15:12:12.152 | INFO     | __main__:_process_message:66 - Saved image 17568.jpg
2025-07-11 15:12:13.899 | INFO     | __main__:_process_message:66 - Saved image 17567.jpg
2025-07-11 15:12:16.077 | INFO     | __main__:_process_message:66 - Saved image 17566.jpg
2025-07-11 15:12:17.762 | INFO     | __main__:_process_message:66 - Saved image 17565.jpg
2025-07-11 15:12:20.487 | INFO     | __main__:_process_message:66 - Saved image 17564.jpg
2025-07-11 15:12:21.397 | INFO     | __main__:_process_message:66 - Saved image 17563.jpg
2025-07-11 15:12:22.662 | INFO     | __main__:_process_message:66 - Saved image 17562.jpg
2025-07-11 15:12:23.608 | INFO     | __main__:_process_message:66 - Saved image 17561.jpg
2025-07-11 15:12:25.037 | INFO     | __main__:_process_message:66 - Saved image 17560.jpg
2025-07-11 15:12:25.936 | INFO     | __main__:_process_message:66 - Saved image 17559.jpg
2025-07-11 15:12:27.953 | INFO     | __main__:_process_message:66 - Saved image 17558.jpg
2025-07-11 15:12:29.097 | INFO     | __main__:_process_message:66 - Saved image 17557.jpg
2025-07-11 15:12:30.528 | INFO     | __main__:_process_message:66 - Saved image 17556.jpg
2025-07-11 15:12:35.247 | INFO     | __main__:_process_message:66 - Saved image 17555.jpg
2025-07-11 15:12:36.707 | INFO     | __main__:_process_message:66 - Saved image 17554.jpg
2025-07-11 15:12:38.688 | INFO     | __main__:_process_message:66 - Saved image 17553.jpg
2025-07-11 15:12:40.588 | INFO     | __main__:_process_message:66 - Saved image 17552.jpg
2025-07-11 15:12:42.029 | INFO     | __main__:_process_message:66 - Saved image 17551.jpg
2025-07-11 15:12:43.367 | INFO     | __main__:_process_message:66 - Saved image 17550.jpg
2025-07-11 15:12:46.178 | INFO     | __main__:_process_message:66 - Saved image 17549.jpg
2025-07-11 15:12:47.067 | INFO     | __main__:_process_message:66 - Saved image 17548.jpg
2025-07-11 15:12:49.932 | INFO     | __main__:_process_message:66 - Saved image 17547.jpg
2025-07-11 15:12:51.097 | INFO     | __main__:_process_message:66 - Saved image 17546.jpg
2025-07-11 15:12:52.372 | INFO     | __main__:_process_message:66 - Saved image 17545.jpg
2025-07-11 15:12:54.205 | INFO     | __main__:_process_message:66 - Saved image 17544.jpg
2025-07-11 15:12:55.197 | INFO     | __main__:_process_message:66 - Saved image 17543.jpg
2025-07-11 15:12:57.118 | INFO     | __main__:_process_message:66 - Saved image 17542.jpg
2025-07-11 15:12:59.483 | INFO     | __main__:_process_message:66 - Saved image 17541.jpg
2025-07-11 15:13:00.377 | INFO     | __main__:_process_message:66 - Saved image 17540.jpg
2025-07-11 15:13:01.443 | INFO     | __main__:_process_message:66 - Saved image 17539.jpg
2025-07-11 15:13:02.745 | INFO     | __main__:_process_message:66 - Saved image 17538.jpg
2025-07-11 15:13:04.447 | INFO     | __main__:_process_message:66 - Saved image 17537.jpg
2025-07-11 15:13:05.447 | INFO     | __main__:_process_message:66 - Saved image 17536.jpg
2025-07-11 15:13:06.707 | INFO     | __main__:_process_message:66 - Saved image 17535.jpg
2025-07-11 15:13:07.861 | INFO     | __main__:_process_message:66 - Saved image 17534.jpg
2025-07-11 15:13:09.097 | INFO     | __main__:_process_message:66 - Saved image 17533.jpg
2025-07-11 15:13:10.097 | INFO     | __main__:_process_message:66 - Saved image 17532.jpg
2025-07-11 15:13:10.767 | INFO     | __main__:_process_message:66 - Saved image 17531.jpg
2025-07-11 15:13:11.836 | INFO     | __main__:_process_message:66 - Saved image 17530.jpg
2025-07-11 15:13:12.527 | INFO     | __main__:_process_message:66 - Saved image 17529.jpg
2025-07-11 15:13:13.347 | INFO     | __main__:_process_message:66 - Saved image 17528.jpg
2025-07-11 15:13:14.699 | INFO     | __main__:_process_message:66 - Saved image 17527.jpg
2025-07-11 15:13:15.557 | INFO     | __main__:_process_message:66 - Saved image 17526.jpg
2025-07-11 15:13:16.552 | INFO     | __main__:_process_message:66 - Saved image 17525.jpg
2025-07-11 15:13:20.147 | INFO     | __main__:_process_message:66 - Saved image 17524.jpg
2025-07-11 15:13:21.737 | INFO     | __main__:_process_message:66 - Saved image 17523.jpg
2025-07-11 15:13:23.278 | INFO     | __main__:_process_message:66 - Saved image 17522.jpg
2025-07-11 15:13:24.657 | INFO     | __main__:_process_message:66 - Saved image 17521.jpg
2025-07-11 15:13:25.667 | INFO     | __main__:_process_message:66 - Saved image 17520.jpg
2025-07-11 15:13:27.027 | INFO     | __main__:_process_message:66 - Saved image 17519.jpg
2025-07-11 15:13:28.017 | INFO     | __main__:_process_message:66 - Saved image 17518.jpg
2025-07-11 15:13:28.720 | INFO     | __main__:_process_message:66 - Saved image 17517.jpg
2025-07-11 15:13:29.537 | INFO     | __main__:_process_message:66 - Saved image 17516.jpg
2025-07-11 15:13:31.267 | INFO     | __main__:_process_message:66 - Saved image 17515.jpg
2025-07-11 15:13:33.787 | INFO     | __main__:_process_message:66 - Saved image 17514.jpg
2025-07-11 15:13:35.426 | INFO     | __main__:_process_message:66 - Saved image 17513.jpg
2025-07-11 15:13:38.467 | INFO     | __main__:_process_message:66 - Saved image 17512.jpg
2025-07-11 15:13:39.046 | SUCCESS  | __main__:scrape_channel:98 - Saved 1000 messages from lobelia4cosmetics to data\raw\telegram_messages\2025-05-20\lobelia4cosmetics.json
2025-07-11 15:13:44.065 | INFO     | __main__:scrape_channel:75 - Starting scrape of tikvahpharma
2025-07-11 15:22:29.953 | SUCCESS  | __main__:scrape_channel:98 - Saved 1000 messages from tikvahpharma to data\raw\telegram_messages\2025-06-02\tikvahpharma.json
